0 verbose cli /Users/trezza/.nvm/versions/node/v20.19.3/bin/node /Users/trezza/.nvm/versions/node/v20.19.3/bin/npm
1 info using npm@11.6.0
2 info using node@v20.19.3
3 silly config load:file:/Users/trezza/.nvm/versions/node/v20.19.3/lib/node_modules/npm/npmrc
4 silly config load:file:/Users/trezza/dev-rust/portfolio/.npmrc
5 silly config load:file:/Users/trezza/.npmrc
6 silly config load:file:/Users/trezza/.nvm/versions/node/v20.19.3/etc/npmrc
7 verbose title npm run dev
8 verbose argv "run" "dev"
9 verbose logfile logs-max:10 dir:/Users/trezza/dev-rust/portfolio/.npm-cache/_logs/2025-09-25T15_18_15_800Z-
10 verbose logfile /Users/trezza/dev-rust/portfolio/.npm-cache/_logs/2025-09-25T15_18_15_800Z-debug-0.log
11 silly logfile done cleaning log files
12 verbose stack JSONParseError: Invalid package.json: JSONParseError: Expected ',' or '}' after property value in JSON at position 368 while parsing near "...ed\\\" && exit 1\"\n    \"tw:dev\": \"tailwindc..."
12 verbose stack     at parse (/Users/trezza/.nvm/versions/node/v20.19.3/lib/node_modules/npm/node_modules/@npmcli/package-json/lib/read-package.js:19:21)
12 verbose stack     at PackageJson.fromJSON (/Users/trezza/.nvm/versions/node/v20.19.3/lib/node_modules/npm/node_modules/@npmcli/package-json/lib/index.js:163:22)
12 verbose stack     at PackageJson.load (/Users/trezza/.nvm/versions/node/v20.19.3/lib/node_modules/npm/node_modules/@npmcli/package-json/lib/index.js:158:17)
12 verbose stack     at async PackageJson.normalize (/Users/trezza/.nvm/versions/node/v20.19.3/lib/node_modules/npm/node_modules/@npmcli/package-json/lib/index.js:118:5)
12 verbose stack     at async #run (/Users/trezza/.nvm/versions/node/v20.19.3/lib/node_modules/npm/lib/commands/run.js:90:13)
12 verbose stack     at async RunScript.exec (/Users/trezza/.nvm/versions/node/v20.19.3/lib/node_modules/npm/lib/commands/run.js:44:7)
12 verbose stack     at async Npm.exec (/Users/trezza/.nvm/versions/node/v20.19.3/lib/node_modules/npm/lib/npm.js:208:9)
12 verbose stack     at async module.exports (/Users/trezza/.nvm/versions/node/v20.19.3/lib/node_modules/npm/lib/cli/entry.js:67:5)
13 error code EJSONPARSE
14 error JSON.parse Invalid package.json: JSONParseError: Expected ',' or '}' after property value in JSON at position 368 while parsing near "...ed\\\" && exit 1\"\n    \"tw:dev\": \"tailwindc..."
15 error JSON.parse Failed to parse JSON data.
15 error JSON.parse Note: package.json must be actual JSON, not just JavaScript.
16 verbose cwd /Users/trezza/dev-rust/portfolio
17 verbose os Darwin 24.6.0
18 verbose node v20.19.3
19 verbose npm  v11.6.0
20 verbose exit 1
21 verbose code 1
22 error A complete log of this run can be found in: /Users/trezza/dev-rust/portfolio/.npm-cache/_logs/2025-09-25T15_18_15_800Z-debug-0.log
