0 verbose cli /Users/trezza/.nvm/versions/node/v20.19.3/bin/node /Users/trezza/.nvm/versions/node/v20.19.3/bin/npm
1 info using npm@11.6.0
2 info using node@v20.19.3
3 silly config load:file:/Users/trezza/.nvm/versions/node/v20.19.3/lib/node_modules/npm/npmrc
4 silly config load:file:/Users/trezza/dev-rust/portfolio/.npmrc
5 silly config load:file:/Users/trezza/.npmrc
6 silly config load:file:/Users/trezza/.nvm/versions/node/v20.19.3/etc/npmrc
7 verbose title npm install tailwindcss @tailwindcss/cli concurrently
8 verbose argv "install" "--save-dev" "tailwindcss" "@tailwindcss/cli" "concurrently"
9 verbose logfile logs-max:10 dir:/Users/trezza/dev-rust/portfolio/.npm-cache/_logs/2025-09-25T15_12_30_622Z-
10 verbose logfile /Users/trezza/dev-rust/portfolio/.npm-cache/_logs/2025-09-25T15_12_30_622Z-debug-0.log
11 silly logfile done cleaning log files
12 silly packumentCache heap:4345298944 maxSize:1086324736 maxEntrySize:543162368
13 silly idealTree buildDeps
14 silly fetch manifest tailwindcss@*
15 silly packumentCache full:https://registry.npmjs.org/tailwindcss cache-miss
16 http fetch GET 200 https://registry.npmjs.org/tailwindcss 323ms (cache miss)
17 silly packumentCache full:https://registry.npmjs.org/tailwindcss set size:undefined disposed:false
18 silly fetch manifest @tailwindcss/cli@*
19 silly packumentCache full:https://registry.npmjs.org/@tailwindcss%2fcli cache-miss
20 http fetch GET 200 https://registry.npmjs.org/@tailwindcss%2fcli 93ms (cache miss)
21 silly packumentCache full:https://registry.npmjs.org/@tailwindcss%2fcli set size:undefined disposed:false
22 silly fetch manifest concurrently@*
23 silly packumentCache full:https://registry.npmjs.org/concurrently cache-miss
24 http fetch GET 200 https://registry.npmjs.org/concurrently 69ms (cache miss)
25 silly packumentCache full:https://registry.npmjs.org/concurrently set size:undefined disposed:false
26 silly placeDep ROOT @tailwindcss/cli@4.1.13 OK for: portfolio@1.0.0 want: *
27 silly placeDep ROOT concurrently@9.2.1 OK for: portfolio@1.0.0 want: *
28 silly placeDep ROOT tailwindcss@4.1.13 OK for: portfolio@1.0.0 want: *
29 silly fetch manifest mri@^1.2.0
30 silly packumentCache full:https://registry.npmjs.org/mri cache-miss
31 silly fetch manifest picocolors@^1.1.1
32 silly packumentCache full:https://registry.npmjs.org/picocolors cache-miss
33 silly fetch manifest tailwindcss@4.1.13
34 silly packumentCache full:https://registry.npmjs.org/tailwindcss cache-miss
35 silly fetch manifest @parcel/watcher@^2.5.1
36 silly packumentCache full:https://registry.npmjs.org/@parcel%2fwatcher cache-miss
37 silly fetch manifest enhanced-resolve@^5.18.3
38 silly packumentCache full:https://registry.npmjs.org/enhanced-resolve cache-miss
39 silly fetch manifest @tailwindcss/node@4.1.13
40 silly packumentCache full:https://registry.npmjs.org/@tailwindcss%2fnode cache-miss
41 silly fetch manifest @tailwindcss/oxide@4.1.13
42 silly packumentCache full:https://registry.npmjs.org/@tailwindcss%2foxide cache-miss
43 silly fetch manifest rxjs@7.8.2
44 silly packumentCache full:https://registry.npmjs.org/rxjs cache-miss
45 silly fetch manifest chalk@4.1.2
46 silly packumentCache full:https://registry.npmjs.org/chalk cache-miss
47 http cache https://registry.npmjs.org/tailwindcss 17ms (cache hit)
48 silly packumentCache full:https://registry.npmjs.org/tailwindcss set size:9530649 disposed:false
49 silly fetch manifest yargs@17.7.2
50 silly packumentCache full:https://registry.npmjs.org/yargs cache-miss
51 http fetch GET 200 https://registry.npmjs.org/picocolors 68ms (cache miss)
52 silly packumentCache full:https://registry.npmjs.org/picocolors set size:undefined disposed:false
53 silly fetch manifest tree-kill@1.2.2
54 silly packumentCache full:https://registry.npmjs.org/tree-kill cache-miss
55 http fetch GET 200 https://registry.npmjs.org/tree-kill 43ms (cache miss)
56 silly packumentCache full:https://registry.npmjs.org/tree-kill set size:undefined disposed:false
57 silly fetch manifest shell-quote@1.8.3
58 silly packumentCache full:https://registry.npmjs.org/shell-quote cache-miss
59 http fetch GET 200 https://registry.npmjs.org/mri 144ms (cache miss)
60 silly packumentCache full:https://registry.npmjs.org/mri set size:undefined disposed:false
61 silly fetch manifest supports-color@8.1.1
62 silly packumentCache full:https://registry.npmjs.org/supports-color cache-miss
63 http fetch GET 200 https://registry.npmjs.org/chalk 154ms (cache miss)
64 silly packumentCache full:https://registry.npmjs.org/chalk set size:undefined disposed:false
65 http fetch GET 200 https://registry.npmjs.org/enhanced-resolve 158ms (cache miss)
66 silly packumentCache full:https://registry.npmjs.org/enhanced-resolve set size:undefined disposed:false
67 http fetch GET 200 https://registry.npmjs.org/shell-quote 48ms (cache miss)
68 silly packumentCache full:https://registry.npmjs.org/shell-quote set size:undefined disposed:false
69 http fetch GET 200 https://registry.npmjs.org/yargs 140ms (cache miss)
70 silly packumentCache full:https://registry.npmjs.org/yargs set size:undefined disposed:false
71 http fetch GET 200 https://registry.npmjs.org/rxjs 181ms (cache miss)
72 silly packumentCache full:https://registry.npmjs.org/rxjs set size:undefined disposed:false
73 http fetch GET 200 https://registry.npmjs.org/@parcel%2fwatcher 190ms (cache miss)
74 silly packumentCache full:https://registry.npmjs.org/@parcel%2fwatcher set size:undefined disposed:false
75 http fetch GET 200 https://registry.npmjs.org/supports-color 62ms (cache miss)
76 silly packumentCache full:https://registry.npmjs.org/supports-color set size:undefined disposed:false
77 http fetch GET 200 https://registry.npmjs.org/@tailwindcss%2foxide 208ms (cache miss)
78 silly packumentCache full:https://registry.npmjs.org/@tailwindcss%2foxide set size:undefined disposed:false
79 http fetch GET 200 https://registry.npmjs.org/@tailwindcss%2fnode 313ms (cache miss)
80 silly packumentCache full:https://registry.npmjs.org/@tailwindcss%2fnode set size:undefined disposed:false
81 silly placeDep ROOT @parcel/watcher@2.5.1 OK for: @tailwindcss/cli@4.1.13 want: ^2.5.1
82 silly placeDep ROOT @tailwindcss/node@4.1.13 OK for: @tailwindcss/cli@4.1.13 want: 4.1.13
83 silly placeDep ROOT @tailwindcss/oxide@4.1.13 OK for: @tailwindcss/cli@4.1.13 want: 4.1.13
84 silly placeDep ROOT enhanced-resolve@5.18.3 OK for: @tailwindcss/cli@4.1.13 want: ^5.18.3
85 silly placeDep ROOT mri@1.2.0 OK for: @tailwindcss/cli@4.1.13 want: ^1.2.0
86 silly placeDep ROOT picocolors@1.1.1 OK for: @tailwindcss/cli@4.1.13 want: ^1.1.1
87 silly fetch manifest detect-libc@^1.0.3
88 silly packumentCache full:https://registry.npmjs.org/detect-libc cache-miss
89 silly fetch manifest is-glob@^4.0.3
90 silly packumentCache full:https://registry.npmjs.org/is-glob cache-miss
91 silly fetch manifest micromatch@^4.0.5
92 silly packumentCache full:https://registry.npmjs.org/micromatch cache-miss
93 silly fetch manifest node-addon-api@^7.0.0
94 silly packumentCache full:https://registry.npmjs.org/node-addon-api cache-miss
95 silly fetch manifest @parcel/watcher-darwin-x64@2.5.1
96 silly packumentCache full:https://registry.npmjs.org/@parcel%2fwatcher-darwin-x64 cache-miss
97 silly fetch manifest @parcel/watcher-darwin-arm64@2.5.1
98 silly packumentCache full:https://registry.npmjs.org/@parcel%2fwatcher-darwin-arm64 cache-miss
99 silly fetch manifest @parcel/watcher-win32-x64@2.5.1
100 silly packumentCache full:https://registry.npmjs.org/@parcel%2fwatcher-win32-x64 cache-miss
101 silly fetch manifest @parcel/watcher-win32-arm64@2.5.1
102 silly packumentCache full:https://registry.npmjs.org/@parcel%2fwatcher-win32-arm64 cache-miss
103 silly fetch manifest @parcel/watcher-win32-ia32@2.5.1
104 silly packumentCache full:https://registry.npmjs.org/@parcel%2fwatcher-win32-ia32 cache-miss
105 http fetch GET 200 https://registry.npmjs.org/node-addon-api 48ms (cache miss)
106 silly packumentCache full:https://registry.npmjs.org/node-addon-api set size:undefined disposed:false
107 silly fetch manifest @parcel/watcher-linux-x64-glibc@2.5.1
108 silly packumentCache full:https://registry.npmjs.org/@parcel%2fwatcher-linux-x64-glibc cache-miss
109 http fetch GET 200 https://registry.npmjs.org/micromatch 52ms (cache miss)
110 silly packumentCache full:https://registry.npmjs.org/micromatch set size:undefined disposed:false
111 silly fetch manifest @parcel/watcher-linux-x64-musl@2.5.1
112 silly packumentCache full:https://registry.npmjs.org/@parcel%2fwatcher-linux-x64-musl cache-miss
113 http fetch GET 200 https://registry.npmjs.org/is-glob 56ms (cache miss)
114 silly packumentCache full:https://registry.npmjs.org/is-glob set size:undefined disposed:false
115 silly fetch manifest @parcel/watcher-linux-arm64-glibc@2.5.1
116 silly packumentCache full:https://registry.npmjs.org/@parcel%2fwatcher-linux-arm64-glibc cache-miss
117 http fetch GET 200 https://registry.npmjs.org/detect-libc 65ms (cache miss)
118 silly packumentCache full:https://registry.npmjs.org/detect-libc set size:undefined disposed:false
119 silly fetch manifest @parcel/watcher-linux-arm64-musl@2.5.1
120 silly packumentCache full:https://registry.npmjs.org/@parcel%2fwatcher-linux-arm64-musl cache-miss
121 http fetch GET 200 https://registry.npmjs.org/@parcel%2fwatcher-win32-ia32 72ms (cache miss)
122 silly packumentCache full:https://registry.npmjs.org/@parcel%2fwatcher-win32-ia32 set size:undefined disposed:false
123 silly fetch manifest @parcel/watcher-linux-arm-glibc@2.5.1
124 silly packumentCache full:https://registry.npmjs.org/@parcel%2fwatcher-linux-arm-glibc cache-miss
125 http fetch GET 200 https://registry.npmjs.org/@parcel%2fwatcher-darwin-arm64 77ms (cache miss)
126 silly packumentCache full:https://registry.npmjs.org/@parcel%2fwatcher-darwin-arm64 set size:undefined disposed:false
127 silly fetch manifest @parcel/watcher-linux-arm-musl@2.5.1
128 silly packumentCache full:https://registry.npmjs.org/@parcel%2fwatcher-linux-arm-musl cache-miss
129 http fetch GET 200 https://registry.npmjs.org/@parcel%2fwatcher-win32-arm64 79ms (cache miss)
130 silly packumentCache full:https://registry.npmjs.org/@parcel%2fwatcher-win32-arm64 set size:undefined disposed:false
131 silly fetch manifest @parcel/watcher-android-arm64@2.5.1
132 silly packumentCache full:https://registry.npmjs.org/@parcel%2fwatcher-android-arm64 cache-miss
133 http fetch GET 200 https://registry.npmjs.org/@parcel%2fwatcher-win32-x64 87ms (cache miss)
134 silly packumentCache full:https://registry.npmjs.org/@parcel%2fwatcher-win32-x64 set size:undefined disposed:false
135 silly fetch manifest @parcel/watcher-freebsd-x64@2.5.1
136 silly packumentCache full:https://registry.npmjs.org/@parcel%2fwatcher-freebsd-x64 cache-miss
137 http fetch GET 200 https://registry.npmjs.org/@parcel%2fwatcher-darwin-x64 92ms (cache miss)
138 silly packumentCache full:https://registry.npmjs.org/@parcel%2fwatcher-darwin-x64 set size:undefined disposed:false
139 silly fetch manifest jiti@^2.5.1
140 silly packumentCache full:https://registry.npmjs.org/jiti cache-miss
141 http fetch GET 200 https://registry.npmjs.org/@parcel%2fwatcher-linux-x64-glibc 73ms (cache miss)
142 silly packumentCache full:https://registry.npmjs.org/@parcel%2fwatcher-linux-x64-glibc set size:undefined disposed:false
143 silly fetch manifest lightningcss@1.30.1
144 silly packumentCache full:https://registry.npmjs.org/lightningcss cache-miss
145 http fetch GET 200 https://registry.npmjs.org/@parcel%2fwatcher-linux-x64-musl 73ms (cache miss)
146 silly packumentCache full:https://registry.npmjs.org/@parcel%2fwatcher-linux-x64-musl set size:undefined disposed:false
147 silly fetch manifest magic-string@^0.30.18
148 silly packumentCache full:https://registry.npmjs.org/magic-string cache-miss
149 http fetch GET 200 https://registry.npmjs.org/@parcel%2fwatcher-linux-arm-musl 60ms (cache miss)
150 silly packumentCache full:https://registry.npmjs.org/@parcel%2fwatcher-linux-arm-musl set size:undefined disposed:false
151 silly fetch manifest source-map-js@^1.2.1
152 silly packumentCache full:https://registry.npmjs.org/source-map-js cache-miss
153 http fetch GET 200 https://registry.npmjs.org/@parcel%2fwatcher-linux-arm64-glibc 95ms (cache miss)
154 silly packumentCache full:https://registry.npmjs.org/@parcel%2fwatcher-linux-arm64-glibc set size:undefined disposed:false
155 silly fetch manifest @jridgewell/remapping@^2.3.4
156 silly packumentCache full:https://registry.npmjs.org/@jridgewell%2fremapping cache-miss
157 http fetch GET 200 https://registry.npmjs.org/@parcel%2fwatcher-android-arm64 76ms (cache miss)
158 silly packumentCache full:https://registry.npmjs.org/@parcel%2fwatcher-android-arm64 set size:undefined disposed:false
159 silly fetch manifest tar@^7.4.3
160 silly packumentCache full:https://registry.npmjs.org/tar cache-miss
161 http fetch GET 200 https://registry.npmjs.org/@parcel%2fwatcher-linux-arm-glibc 84ms (cache miss)
162 silly packumentCache full:https://registry.npmjs.org/@parcel%2fwatcher-linux-arm-glibc set size:undefined disposed:false
163 silly fetch manifest detect-libc@^2.0.4
164 silly packumentCache full:https://registry.npmjs.org/detect-libc cache-miss
165 http cache https://registry.npmjs.org/detect-libc 1ms (cache hit)
166 silly packumentCache full:https://registry.npmjs.org/detect-libc set size:45437 disposed:false
167 silly fetch manifest @tailwindcss/oxide-darwin-x64@4.1.13
168 silly packumentCache full:https://registry.npmjs.org/@tailwindcss%2foxide-darwin-x64 cache-miss
169 http fetch GET 200 https://registry.npmjs.org/@parcel%2fwatcher-freebsd-x64 74ms (cache miss)
170 silly packumentCache full:https://registry.npmjs.org/@parcel%2fwatcher-freebsd-x64 set size:undefined disposed:false
171 silly fetch manifest @tailwindcss/oxide-freebsd-x64@4.1.13
172 silly packumentCache full:https://registry.npmjs.org/@tailwindcss%2foxide-freebsd-x64 cache-miss
173 http fetch GET 200 https://registry.npmjs.org/lightningcss 43ms (cache miss)
174 silly packumentCache full:https://registry.npmjs.org/lightningcss set size:undefined disposed:false
175 silly fetch manifest @tailwindcss/oxide-wasm32-wasi@4.1.13
176 silly packumentCache full:https://registry.npmjs.org/@tailwindcss%2foxide-wasm32-wasi cache-miss
177 http fetch GET 200 https://registry.npmjs.org/magic-string 53ms (cache miss)
178 silly packumentCache full:https://registry.npmjs.org/magic-string set size:undefined disposed:false
179 silly fetch manifest @tailwindcss/oxide-darwin-arm64@4.1.13
180 silly packumentCache full:https://registry.npmjs.org/@tailwindcss%2foxide-darwin-arm64 cache-miss
181 http fetch GET 200 https://registry.npmjs.org/jiti 91ms (cache miss)
182 silly packumentCache full:https://registry.npmjs.org/jiti set size:undefined disposed:false
183 silly fetch manifest @tailwindcss/oxide-android-arm64@4.1.13
184 silly packumentCache full:https://registry.npmjs.org/@tailwindcss%2foxide-android-arm64 cache-miss
185 http fetch GET 200 https://registry.npmjs.org/@parcel%2fwatcher-linux-arm64-musl 122ms (cache miss)
186 silly packumentCache full:https://registry.npmjs.org/@parcel%2fwatcher-linux-arm64-musl set size:undefined disposed:false
187 silly fetch manifest @tailwindcss/oxide-linux-x64-gnu@4.1.13
188 silly packumentCache full:https://registry.npmjs.org/@tailwindcss%2foxide-linux-x64-gnu cache-miss
189 http fetch GET 200 https://registry.npmjs.org/source-map-js 59ms (cache miss)
190 silly packumentCache full:https://registry.npmjs.org/source-map-js set size:undefined disposed:false
191 silly fetch manifest @tailwindcss/oxide-linux-x64-musl@4.1.13
192 silly packumentCache full:https://registry.npmjs.org/@tailwindcss%2foxide-linux-x64-musl cache-miss
193 http fetch GET 200 https://registry.npmjs.org/tar 69ms (cache miss)
194 silly packumentCache full:https://registry.npmjs.org/tar set size:undefined disposed:false
195 silly fetch manifest @tailwindcss/oxide-win32-x64-msvc@4.1.13
196 silly packumentCache full:https://registry.npmjs.org/@tailwindcss%2foxide-win32-x64-msvc cache-miss
197 http fetch GET 200 https://registry.npmjs.org/@jridgewell%2fremapping 99ms (cache miss)
198 silly packumentCache full:https://registry.npmjs.org/@jridgewell%2fremapping set size:undefined disposed:false
199 silly fetch manifest @tailwindcss/oxide-linux-arm64-gnu@4.1.13
200 silly packumentCache full:https://registry.npmjs.org/@tailwindcss%2foxide-linux-arm64-gnu cache-miss
201 http fetch GET 200 https://registry.npmjs.org/@tailwindcss%2foxide-wasm32-wasi 91ms (cache miss)
202 silly packumentCache full:https://registry.npmjs.org/@tailwindcss%2foxide-wasm32-wasi set size:undefined disposed:false
203 silly fetch manifest @tailwindcss/oxide-linux-arm64-musl@4.1.13
204 silly packumentCache full:https://registry.npmjs.org/@tailwindcss%2foxide-linux-arm64-musl cache-miss
205 http fetch GET 200 https://registry.npmjs.org/@tailwindcss%2foxide-freebsd-x64 145ms (cache miss)
206 silly packumentCache full:https://registry.npmjs.org/@tailwindcss%2foxide-freebsd-x64 set size:undefined disposed:false
207 silly fetch manifest @tailwindcss/oxide-win32-arm64-msvc@4.1.13
208 silly packumentCache full:https://registry.npmjs.org/@tailwindcss%2foxide-win32-arm64-msvc cache-miss
209 http fetch GET 200 https://registry.npmjs.org/@tailwindcss%2foxide-android-arm64 130ms (cache miss)
210 silly packumentCache full:https://registry.npmjs.org/@tailwindcss%2foxide-android-arm64 set size:undefined disposed:false
211 silly fetch manifest @tailwindcss/oxide-linux-arm-gnueabihf@4.1.13
212 silly packumentCache full:https://registry.npmjs.org/@tailwindcss%2foxide-linux-arm-gnueabihf cache-miss
213 http fetch GET 200 https://registry.npmjs.org/@tailwindcss%2foxide-darwin-arm64 139ms (cache miss)
214 silly packumentCache full:https://registry.npmjs.org/@tailwindcss%2foxide-darwin-arm64 set size:undefined disposed:false
215 silly fetch manifest graceful-fs@^4.2.4
216 silly packumentCache full:https://registry.npmjs.org/graceful-fs cache-miss
217 http fetch GET 200 https://registry.npmjs.org/@tailwindcss%2foxide-linux-x64-musl 136ms (cache miss)
218 silly packumentCache full:https://registry.npmjs.org/@tailwindcss%2foxide-linux-x64-musl set size:undefined disposed:false
219 silly fetch manifest tapable@^2.2.0
220 silly packumentCache full:https://registry.npmjs.org/tapable cache-miss
221 http fetch GET 200 https://registry.npmjs.org/graceful-fs 55ms (cache miss)
222 silly packumentCache full:https://registry.npmjs.org/graceful-fs set size:undefined disposed:false
223 http fetch GET 200 https://registry.npmjs.org/tapable 60ms (cache miss)
224 silly packumentCache full:https://registry.npmjs.org/tapable set size:undefined disposed:false
225 http fetch GET 200 https://registry.npmjs.org/@tailwindcss%2foxide-linux-arm64-gnu 151ms (cache miss)
226 silly packumentCache full:https://registry.npmjs.org/@tailwindcss%2foxide-linux-arm64-gnu set size:undefined disposed:false
227 http fetch GET 200 https://registry.npmjs.org/@tailwindcss%2foxide-win32-x64-msvc 192ms (cache miss)
228 silly packumentCache full:https://registry.npmjs.org/@tailwindcss%2foxide-win32-x64-msvc set size:undefined disposed:false
229 http fetch GET 200 https://registry.npmjs.org/@tailwindcss%2foxide-linux-arm64-musl 161ms (cache miss)
230 silly packumentCache full:https://registry.npmjs.org/@tailwindcss%2foxide-linux-arm64-musl set size:undefined disposed:false
231 http fetch GET 200 https://registry.npmjs.org/@tailwindcss%2foxide-darwin-x64 278ms (cache miss)
232 silly packumentCache full:https://registry.npmjs.org/@tailwindcss%2foxide-darwin-x64 set size:undefined disposed:false
233 http fetch GET 200 https://registry.npmjs.org/@tailwindcss%2foxide-win32-arm64-msvc 137ms (cache miss)
234 silly packumentCache full:https://registry.npmjs.org/@tailwindcss%2foxide-win32-arm64-msvc set size:undefined disposed:false
235 http fetch GET 200 https://registry.npmjs.org/@tailwindcss%2foxide-linux-arm-gnueabihf 136ms (cache miss)
236 silly packumentCache full:https://registry.npmjs.org/@tailwindcss%2foxide-linux-arm-gnueabihf set size:undefined disposed:false
237 http fetch GET 200 https://registry.npmjs.org/@tailwindcss%2foxide-linux-x64-gnu 325ms (cache miss)
238 silly packumentCache full:https://registry.npmjs.org/@tailwindcss%2foxide-linux-x64-gnu set size:undefined disposed:false
239 silly placeDep ROOT @parcel/watcher-android-arm64@2.5.1 OK for: @parcel/watcher@2.5.1 want: 2.5.1
240 silly placeDep ROOT @parcel/watcher-darwin-arm64@2.5.1 OK for: @parcel/watcher@2.5.1 want: 2.5.1
241 silly placeDep ROOT @parcel/watcher-darwin-x64@2.5.1 OK for: @parcel/watcher@2.5.1 want: 2.5.1
242 silly placeDep ROOT @parcel/watcher-freebsd-x64@2.5.1 OK for: @parcel/watcher@2.5.1 want: 2.5.1
243 silly placeDep ROOT @parcel/watcher-linux-arm-glibc@2.5.1 OK for: @parcel/watcher@2.5.1 want: 2.5.1
244 silly placeDep ROOT @parcel/watcher-linux-arm-musl@2.5.1 OK for: @parcel/watcher@2.5.1 want: 2.5.1
245 silly placeDep ROOT @parcel/watcher-linux-arm64-glibc@2.5.1 OK for: @parcel/watcher@2.5.1 want: 2.5.1
246 silly placeDep ROOT @parcel/watcher-linux-arm64-musl@2.5.1 OK for: @parcel/watcher@2.5.1 want: 2.5.1
247 silly placeDep ROOT @parcel/watcher-linux-x64-glibc@2.5.1 OK for: @parcel/watcher@2.5.1 want: 2.5.1
248 silly placeDep ROOT @parcel/watcher-linux-x64-musl@2.5.1 OK for: @parcel/watcher@2.5.1 want: 2.5.1
249 silly placeDep ROOT @parcel/watcher-win32-arm64@2.5.1 OK for: @parcel/watcher@2.5.1 want: 2.5.1
250 silly placeDep ROOT @parcel/watcher-win32-ia32@2.5.1 OK for: @parcel/watcher@2.5.1 want: 2.5.1
251 silly placeDep ROOT @parcel/watcher-win32-x64@2.5.1 OK for: @parcel/watcher@2.5.1 want: 2.5.1
252 silly placeDep ROOT detect-libc@1.0.3 OK for: @parcel/watcher@2.5.1 want: ^1.0.3
253 silly placeDep ROOT is-glob@4.0.3 OK for: @parcel/watcher@2.5.1 want: ^4.0.3
254 silly placeDep ROOT micromatch@4.0.8 OK for: @parcel/watcher@2.5.1 want: ^4.0.5
255 silly placeDep ROOT node-addon-api@7.1.1 OK for: @parcel/watcher@2.5.1 want: ^7.0.0
256 silly fetch manifest is-extglob@^2.1.1
257 silly packumentCache full:https://registry.npmjs.org/is-extglob cache-miss
258 silly fetch manifest braces@^3.0.3
259 silly packumentCache full:https://registry.npmjs.org/braces cache-miss
260 silly fetch manifest picomatch@^2.3.1
261 silly packumentCache full:https://registry.npmjs.org/picomatch cache-miss
262 http fetch GET 200 https://registry.npmjs.org/is-extglob 42ms (cache miss)
263 silly packumentCache full:https://registry.npmjs.org/is-extglob set size:undefined disposed:false
264 http fetch GET 200 https://registry.npmjs.org/braces 58ms (cache miss)
265 silly packumentCache full:https://registry.npmjs.org/braces set size:undefined disposed:false
266 http fetch GET 200 https://registry.npmjs.org/picomatch 62ms (cache miss)
267 silly packumentCache full:https://registry.npmjs.org/picomatch set size:undefined disposed:false
268 silly placeDep ROOT @jridgewell/remapping@2.3.5 OK for: @tailwindcss/node@4.1.13 want: ^2.3.4
269 silly placeDep ROOT jiti@2.6.0 OK for: @tailwindcss/node@4.1.13 want: ^2.5.1
270 silly placeDep ROOT lightningcss@1.30.1 OK for: @tailwindcss/node@4.1.13 want: 1.30.1
271 silly placeDep ROOT magic-string@0.30.19 OK for: @tailwindcss/node@4.1.13 want: ^0.30.18
272 silly placeDep ROOT source-map-js@1.2.1 OK for: @tailwindcss/node@4.1.13 want: ^1.2.1
273 silly fetch manifest @jridgewell/gen-mapping@^0.3.5
274 silly packumentCache full:https://registry.npmjs.org/@jridgewell%2fgen-mapping cache-miss
275 silly fetch manifest @jridgewell/trace-mapping@^0.3.24
276 silly packumentCache full:https://registry.npmjs.org/@jridgewell%2ftrace-mapping cache-miss
277 silly fetch manifest detect-libc@^2.0.3
278 silly packumentCache full:https://registry.npmjs.org/detect-libc cache-hit
279 silly fetch manifest lightningcss-darwin-x64@1.30.1
280 silly packumentCache full:https://registry.npmjs.org/lightningcss-darwin-x64 cache-miss
281 silly fetch manifest lightningcss-linux-x64-gnu@1.30.1
282 silly packumentCache full:https://registry.npmjs.org/lightningcss-linux-x64-gnu cache-miss
283 silly fetch manifest lightningcss-win32-x64-msvc@1.30.1
284 silly packumentCache full:https://registry.npmjs.org/lightningcss-win32-x64-msvc cache-miss
285 silly fetch manifest lightningcss-win32-arm64-msvc@1.30.1
286 silly packumentCache full:https://registry.npmjs.org/lightningcss-win32-arm64-msvc cache-miss
287 silly fetch manifest lightningcss-darwin-arm64@1.30.1
288 silly packumentCache full:https://registry.npmjs.org/lightningcss-darwin-arm64 cache-miss
289 silly fetch manifest lightningcss-linux-arm64-gnu@1.30.1
290 silly packumentCache full:https://registry.npmjs.org/lightningcss-linux-arm64-gnu cache-miss
291 silly fetch manifest lightningcss-linux-arm-gnueabihf@1.30.1
292 silly packumentCache full:https://registry.npmjs.org/lightningcss-linux-arm-gnueabihf cache-miss
293 http fetch GET 200 https://registry.npmjs.org/lightningcss-linux-arm-gnueabihf 50ms (cache miss)
294 silly packumentCache full:https://registry.npmjs.org/lightningcss-linux-arm-gnueabihf set size:undefined disposed:false
295 silly fetch manifest lightningcss-linux-arm64-musl@1.30.1
296 silly packumentCache full:https://registry.npmjs.org/lightningcss-linux-arm64-musl cache-miss
297 http fetch GET 200 https://registry.npmjs.org/lightningcss-darwin-arm64 53ms (cache miss)
298 silly packumentCache full:https://registry.npmjs.org/lightningcss-darwin-arm64 set size:undefined disposed:false
299 silly fetch manifest lightningcss-linux-x64-musl@1.30.1
300 silly packumentCache full:https://registry.npmjs.org/lightningcss-linux-x64-musl cache-miss
301 http fetch GET 200 https://registry.npmjs.org/lightningcss-linux-x64-gnu 62ms (cache miss)
302 silly packumentCache full:https://registry.npmjs.org/lightningcss-linux-x64-gnu set size:undefined disposed:false
303 silly fetch manifest lightningcss-freebsd-x64@1.30.1
304 silly packumentCache full:https://registry.npmjs.org/lightningcss-freebsd-x64 cache-miss
305 http fetch GET 200 https://registry.npmjs.org/lightningcss-win32-arm64-msvc 61ms (cache miss)
306 silly packumentCache full:https://registry.npmjs.org/lightningcss-win32-arm64-msvc set size:undefined disposed:false
307 silly fetch manifest @jridgewell/sourcemap-codec@^1.5.5
308 silly packumentCache full:https://registry.npmjs.org/@jridgewell%2fsourcemap-codec cache-miss
309 http fetch GET 200 https://registry.npmjs.org/lightningcss-win32-x64-msvc 63ms (cache miss)
310 silly packumentCache full:https://registry.npmjs.org/lightningcss-win32-x64-msvc set size:undefined disposed:false
311 http fetch GET 200 https://registry.npmjs.org/lightningcss-darwin-x64 68ms (cache miss)
312 silly packumentCache full:https://registry.npmjs.org/lightningcss-darwin-x64 set size:undefined disposed:false
313 http fetch GET 200 https://registry.npmjs.org/lightningcss-linux-arm64-gnu 78ms (cache miss)
314 silly packumentCache full:https://registry.npmjs.org/lightningcss-linux-arm64-gnu set size:undefined disposed:false
315 http fetch GET 200 https://registry.npmjs.org/@jridgewell%2ftrace-mapping 80ms (cache miss)
316 silly packumentCache full:https://registry.npmjs.org/@jridgewell%2ftrace-mapping set size:undefined disposed:false
317 http fetch GET 200 https://registry.npmjs.org/lightningcss-linux-x64-musl 36ms (cache miss)
318 silly packumentCache full:https://registry.npmjs.org/lightningcss-linux-x64-musl set size:undefined disposed:false
319 http fetch GET 200 https://registry.npmjs.org/lightningcss-freebsd-x64 47ms (cache miss)
320 silly packumentCache full:https://registry.npmjs.org/lightningcss-freebsd-x64 set size:undefined disposed:false
321 http fetch GET 200 https://registry.npmjs.org/@jridgewell%2fgen-mapping 131ms (cache miss)
322 silly packumentCache full:https://registry.npmjs.org/@jridgewell%2fgen-mapping set size:undefined disposed:false
323 http fetch GET 200 https://registry.npmjs.org/lightningcss-linux-arm64-musl 78ms (cache miss)
324 silly packumentCache full:https://registry.npmjs.org/lightningcss-linux-arm64-musl set size:undefined disposed:false
325 http fetch GET 200 https://registry.npmjs.org/@jridgewell%2fsourcemap-codec 80ms (cache miss)
326 silly packumentCache full:https://registry.npmjs.org/@jridgewell%2fsourcemap-codec set size:undefined disposed:false
327 silly placeDep ROOT @jridgewell/gen-mapping@0.3.13 OK for: @jridgewell/remapping@2.3.5 want: ^0.3.5
328 silly placeDep ROOT @jridgewell/trace-mapping@0.3.31 OK for: @jridgewell/remapping@2.3.5 want: ^0.3.24
329 silly fetch manifest @jridgewell/sourcemap-codec@^1.5.0
330 silly packumentCache full:https://registry.npmjs.org/@jridgewell%2fsourcemap-codec cache-miss
331 silly fetch manifest @jridgewell/resolve-uri@^3.1.0
332 silly packumentCache full:https://registry.npmjs.org/@jridgewell%2fresolve-uri cache-miss
333 silly fetch manifest @jridgewell/sourcemap-codec@^1.4.14
334 silly packumentCache full:https://registry.npmjs.org/@jridgewell%2fsourcemap-codec cache-miss
335 http cache https://registry.npmjs.org/@jridgewell%2fsourcemap-codec 3ms (cache hit)
336 silly packumentCache full:https://registry.npmjs.org/@jridgewell%2fsourcemap-codec set size:59275 disposed:false
337 http cache https://registry.npmjs.org/@jridgewell%2fsourcemap-codec 2ms (cache hit)
338 silly packumentCache full:https://registry.npmjs.org/@jridgewell%2fsourcemap-codec set size:59275 disposed:false
339 silly packumentCache full:https://registry.npmjs.org/@jridgewell%2fsourcemap-codec dispose
340 http fetch GET 200 https://registry.npmjs.org/@jridgewell%2fresolve-uri 119ms (cache miss)
341 silly packumentCache full:https://registry.npmjs.org/@jridgewell%2fresolve-uri set size:undefined disposed:false
342 silly placeDep ROOT @jridgewell/sourcemap-codec@1.5.5 OK for: @jridgewell/gen-mapping@0.3.13 want: ^1.5.0
343 silly placeDep ROOT @jridgewell/resolve-uri@3.1.2 OK for: @jridgewell/trace-mapping@0.3.31 want: ^3.1.0
344 silly placeDep ROOT @tailwindcss/oxide-android-arm64@4.1.13 OK for: @tailwindcss/oxide@4.1.13 want: 4.1.13
345 silly placeDep ROOT @tailwindcss/oxide-darwin-arm64@4.1.13 OK for: @tailwindcss/oxide@4.1.13 want: 4.1.13
346 silly placeDep ROOT @tailwindcss/oxide-darwin-x64@4.1.13 OK for: @tailwindcss/oxide@4.1.13 want: 4.1.13
347 silly placeDep ROOT @tailwindcss/oxide-freebsd-x64@4.1.13 OK for: @tailwindcss/oxide@4.1.13 want: 4.1.13
348 silly placeDep ROOT @tailwindcss/oxide-linux-arm-gnueabihf@4.1.13 OK for: @tailwindcss/oxide@4.1.13 want: 4.1.13
349 silly placeDep ROOT @tailwindcss/oxide-linux-arm64-gnu@4.1.13 OK for: @tailwindcss/oxide@4.1.13 want: 4.1.13
350 silly placeDep ROOT @tailwindcss/oxide-linux-arm64-musl@4.1.13 OK for: @tailwindcss/oxide@4.1.13 want: 4.1.13
351 silly placeDep ROOT @tailwindcss/oxide-linux-x64-gnu@4.1.13 OK for: @tailwindcss/oxide@4.1.13 want: 4.1.13
352 silly placeDep ROOT @tailwindcss/oxide-linux-x64-musl@4.1.13 OK for: @tailwindcss/oxide@4.1.13 want: 4.1.13
353 silly placeDep ROOT @tailwindcss/oxide-wasm32-wasi@4.1.13 OK for: @tailwindcss/oxide@4.1.13 want: 4.1.13
354 silly placeDep ROOT @tailwindcss/oxide-win32-arm64-msvc@4.1.13 OK for: @tailwindcss/oxide@4.1.13 want: 4.1.13
355 silly placeDep ROOT @tailwindcss/oxide-win32-x64-msvc@4.1.13 OK for: @tailwindcss/oxide@4.1.13 want: 4.1.13
356 silly placeDep node_modules/@tailwindcss/oxide detect-libc@2.1.1 OK for: @tailwindcss/oxide@4.1.13 want: ^2.0.4
357 silly placeDep ROOT tar@7.5.1 OK for: @tailwindcss/oxide@4.1.13 want: ^7.4.3
358 silly fetch manifest @isaacs/fs-minipass@^4.0.0
359 silly packumentCache full:https://registry.npmjs.org/@isaacs%2ffs-minipass cache-miss
360 silly fetch manifest chownr@^3.0.0
361 silly packumentCache full:https://registry.npmjs.org/chownr cache-miss
362 silly fetch manifest minipass@^7.1.2
363 silly packumentCache full:https://registry.npmjs.org/minipass cache-miss
364 silly fetch manifest minizlib@^3.1.0
365 silly packumentCache full:https://registry.npmjs.org/minizlib cache-miss
366 silly fetch manifest yallist@^5.0.0
367 silly packumentCache full:https://registry.npmjs.org/yallist cache-miss
368 http fetch GET 200 https://registry.npmjs.org/chownr 45ms (cache miss)
369 silly packumentCache full:https://registry.npmjs.org/chownr set size:undefined disposed:false
370 http fetch GET 200 https://registry.npmjs.org/yallist 52ms (cache miss)
371 silly packumentCache full:https://registry.npmjs.org/yallist set size:undefined disposed:false
372 http fetch GET 200 https://registry.npmjs.org/minizlib 63ms (cache miss)
373 silly packumentCache full:https://registry.npmjs.org/minizlib set size:undefined disposed:false
374 http fetch GET 200 https://registry.npmjs.org/@isaacs%2ffs-minipass 69ms (cache miss)
375 silly packumentCache full:https://registry.npmjs.org/@isaacs%2ffs-minipass set size:undefined disposed:false
376 http fetch GET 200 https://registry.npmjs.org/minipass 75ms (cache miss)
377 silly packumentCache full:https://registry.npmjs.org/minipass set size:undefined disposed:false
378 silly placeDep ROOT chalk@4.1.2 OK for: concurrently@9.2.1 want: 4.1.2
379 silly placeDep ROOT rxjs@7.8.2 OK for: concurrently@9.2.1 want: 7.8.2
380 silly placeDep ROOT shell-quote@1.8.3 OK for: concurrently@9.2.1 want: 1.8.3
381 silly placeDep ROOT supports-color@8.1.1 OK for: concurrently@9.2.1 want: 8.1.1
382 silly placeDep ROOT tree-kill@1.2.2 OK for: concurrently@9.2.1 want: 1.2.2
383 silly placeDep ROOT yargs@17.7.2 OK for: concurrently@9.2.1 want: 17.7.2
384 silly fetch manifest ansi-styles@^4.1.0
385 silly packumentCache full:https://registry.npmjs.org/ansi-styles cache-miss
386 silly fetch manifest supports-color@^7.1.0
387 silly packumentCache full:https://registry.npmjs.org/supports-color cache-miss
388 silly fetch manifest tslib@^2.1.0
389 silly packumentCache full:https://registry.npmjs.org/tslib cache-miss
390 silly fetch manifest has-flag@^4.0.0
391 silly packumentCache full:https://registry.npmjs.org/has-flag cache-miss
392 silly fetch manifest y18n@^5.0.5
393 silly packumentCache full:https://registry.npmjs.org/y18n cache-miss
394 silly fetch manifest cliui@^8.0.1
395 silly packumentCache full:https://registry.npmjs.org/cliui cache-miss
396 silly fetch manifest escalade@^3.1.1
397 silly packumentCache full:https://registry.npmjs.org/escalade cache-miss
398 silly fetch manifest string-width@^4.2.3
399 silly packumentCache full:https://registry.npmjs.org/string-width cache-miss
400 silly fetch manifest yargs-parser@^21.1.1
401 silly packumentCache full:https://registry.npmjs.org/yargs-parser cache-miss
402 http cache https://registry.npmjs.org/supports-color 5ms (cache hit)
403 silly packumentCache full:https://registry.npmjs.org/supports-color set size:118680 disposed:false
404 silly fetch manifest get-caller-file@^2.0.5
405 silly packumentCache full:https://registry.npmjs.org/get-caller-file cache-miss
406 http fetch GET 200 https://registry.npmjs.org/get-caller-file 48ms (cache miss)
407 silly packumentCache full:https://registry.npmjs.org/get-caller-file set size:undefined disposed:false
408 silly fetch manifest require-directory@^2.1.1
409 silly packumentCache full:https://registry.npmjs.org/require-directory cache-miss
410 http fetch GET 200 https://registry.npmjs.org/has-flag 55ms (cache miss)
411 silly packumentCache full:https://registry.npmjs.org/has-flag set size:undefined disposed:false
412 http fetch GET 200 https://registry.npmjs.org/tslib 56ms (cache miss)
413 silly packumentCache full:https://registry.npmjs.org/tslib set size:undefined disposed:false
414 http fetch GET 200 https://registry.npmjs.org/cliui 57ms (cache miss)
415 silly packumentCache full:https://registry.npmjs.org/cliui set size:undefined disposed:false
416 http fetch GET 200 https://registry.npmjs.org/y18n 57ms (cache miss)
417 silly packumentCache full:https://registry.npmjs.org/y18n set size:undefined disposed:false
418 http fetch GET 200 https://registry.npmjs.org/string-width 57ms (cache miss)
419 silly packumentCache full:https://registry.npmjs.org/string-width set size:undefined disposed:false
420 http fetch GET 200 https://registry.npmjs.org/escalade 57ms (cache miss)
421 silly packumentCache full:https://registry.npmjs.org/escalade set size:undefined disposed:false
422 http fetch GET 200 https://registry.npmjs.org/yargs-parser 65ms (cache miss)
423 silly packumentCache full:https://registry.npmjs.org/yargs-parser set size:undefined disposed:false
424 http fetch GET 200 https://registry.npmjs.org/ansi-styles 88ms (cache miss)
425 silly packumentCache full:https://registry.npmjs.org/ansi-styles set size:undefined disposed:false
426 http fetch GET 200 https://registry.npmjs.org/require-directory 61ms (cache miss)
427 silly packumentCache full:https://registry.npmjs.org/require-directory set size:undefined disposed:false
428 silly placeDep ROOT ansi-styles@4.3.0 OK for: chalk@4.1.2 want: ^4.1.0
429 silly placeDep node_modules/chalk supports-color@7.2.0 OK for: chalk@4.1.2 want: ^7.1.0
430 silly fetch manifest color-convert@^2.0.1
431 silly packumentCache full:https://registry.npmjs.org/color-convert cache-miss
432 http fetch GET 200 https://registry.npmjs.org/color-convert 46ms (cache miss)
433 silly packumentCache full:https://registry.npmjs.org/color-convert set size:undefined disposed:false
434 silly placeDep ROOT color-convert@2.0.1 OK for: ansi-styles@4.3.0 want: ^2.0.1
435 silly fetch manifest color-name@~1.1.4
436 silly packumentCache full:https://registry.npmjs.org/color-name cache-miss
437 http fetch GET 200 https://registry.npmjs.org/color-name 48ms (cache miss)
438 silly packumentCache full:https://registry.npmjs.org/color-name set size:undefined disposed:false
439 silly placeDep ROOT color-name@1.1.4 OK for: color-convert@2.0.1 want: ~1.1.4
440 silly placeDep ROOT graceful-fs@4.2.11 OK for: enhanced-resolve@5.18.3 want: ^4.2.4
441 silly placeDep ROOT tapable@2.2.3 OK for: enhanced-resolve@5.18.3 want: ^2.2.0
442 silly placeDep ROOT is-extglob@2.1.1 OK for: is-glob@4.0.3 want: ^2.1.1
443 silly placeDep node_modules/lightningcss detect-libc@2.1.1 OK for: lightningcss@1.30.1 want: ^2.0.3
444 silly placeDep ROOT lightningcss-darwin-arm64@1.30.1 OK for: lightningcss@1.30.1 want: 1.30.1
445 silly placeDep ROOT lightningcss-darwin-x64@1.30.1 OK for: lightningcss@1.30.1 want: 1.30.1
446 silly placeDep ROOT lightningcss-freebsd-x64@1.30.1 OK for: lightningcss@1.30.1 want: 1.30.1
447 silly placeDep ROOT lightningcss-linux-arm-gnueabihf@1.30.1 OK for: lightningcss@1.30.1 want: 1.30.1
448 silly placeDep ROOT lightningcss-linux-arm64-gnu@1.30.1 OK for: lightningcss@1.30.1 want: 1.30.1
449 silly placeDep ROOT lightningcss-linux-arm64-musl@1.30.1 OK for: lightningcss@1.30.1 want: 1.30.1
450 silly placeDep ROOT lightningcss-linux-x64-gnu@1.30.1 OK for: lightningcss@1.30.1 want: 1.30.1
451 silly placeDep ROOT lightningcss-linux-x64-musl@1.30.1 OK for: lightningcss@1.30.1 want: 1.30.1
452 silly placeDep ROOT lightningcss-win32-arm64-msvc@1.30.1 OK for: lightningcss@1.30.1 want: 1.30.1
453 silly placeDep ROOT lightningcss-win32-x64-msvc@1.30.1 OK for: lightningcss@1.30.1 want: 1.30.1
454 silly placeDep ROOT braces@3.0.3 OK for: micromatch@4.0.8 want: ^3.0.3
455 silly placeDep ROOT picomatch@2.3.1 OK for: micromatch@4.0.8 want: ^2.3.1
456 silly fetch manifest fill-range@^7.1.1
457 silly packumentCache full:https://registry.npmjs.org/fill-range cache-miss
458 http fetch GET 200 https://registry.npmjs.org/fill-range 48ms (cache miss)
459 silly packumentCache full:https://registry.npmjs.org/fill-range set size:undefined disposed:false
460 silly placeDep ROOT fill-range@7.1.1 OK for: braces@3.0.3 want: ^7.1.1
461 silly fetch manifest to-regex-range@^5.0.1
462 silly packumentCache full:https://registry.npmjs.org/to-regex-range cache-miss
463 http fetch GET 200 https://registry.npmjs.org/to-regex-range 86ms (cache miss)
464 silly packumentCache full:https://registry.npmjs.org/to-regex-range set size:undefined disposed:false
465 silly placeDep ROOT to-regex-range@5.0.1 OK for: fill-range@7.1.1 want: ^5.0.1
466 silly fetch manifest is-number@^7.0.0
467 silly packumentCache full:https://registry.npmjs.org/is-number cache-miss
468 http fetch GET 200 https://registry.npmjs.org/is-number 48ms (cache miss)
469 silly packumentCache full:https://registry.npmjs.org/is-number set size:undefined disposed:false
470 silly placeDep ROOT tslib@2.8.1 OK for: rxjs@7.8.2 want: ^2.1.0
471 silly placeDep ROOT has-flag@4.0.0 OK for: supports-color@8.1.1 want: ^4.0.0
472 silly placeDep ROOT @isaacs/fs-minipass@4.0.1 OK for: tar@7.5.1 want: ^4.0.0
473 silly placeDep ROOT chownr@3.0.0 OK for: tar@7.5.1 want: ^3.0.0
474 silly placeDep ROOT minipass@7.1.2 OK for: tar@7.5.1 want: ^7.1.2
475 silly placeDep ROOT minizlib@3.1.0 OK for: tar@7.5.1 want: ^3.1.0
476 silly placeDep ROOT yallist@5.0.0 OK for: tar@7.5.1 want: ^5.0.0
477 silly fetch manifest minipass@^7.0.4
478 silly packumentCache full:https://registry.npmjs.org/minipass cache-miss
479 http cache https://registry.npmjs.org/minipass 3ms (cache hit)
480 silly packumentCache full:https://registry.npmjs.org/minipass set size:490195 disposed:false
481 silly placeDep ROOT is-number@7.0.0 OK for: to-regex-range@5.0.1 want: ^7.0.0
482 silly placeDep ROOT cliui@8.0.1 OK for: yargs@17.7.2 want: ^8.0.1
483 silly placeDep ROOT escalade@3.2.0 OK for: yargs@17.7.2 want: ^3.1.1
484 silly placeDep ROOT get-caller-file@2.0.5 OK for: yargs@17.7.2 want: ^2.0.5
485 silly placeDep ROOT require-directory@2.1.1 OK for: yargs@17.7.2 want: ^2.1.1
486 silly placeDep ROOT string-width@4.2.3 OK for: yargs@17.7.2 want: ^4.2.3
487 silly placeDep ROOT y18n@5.0.8 OK for: yargs@17.7.2 want: ^5.0.5
488 silly placeDep ROOT yargs-parser@21.1.1 OK for: yargs@17.7.2 want: ^21.1.1
489 silly fetch manifest wrap-ansi@^7.0.0
490 silly packumentCache full:https://registry.npmjs.org/wrap-ansi cache-miss
491 silly fetch manifest strip-ansi@^6.0.1
492 silly packumentCache full:https://registry.npmjs.org/strip-ansi cache-miss
493 silly fetch manifest string-width@^4.2.0
494 silly packumentCache full:https://registry.npmjs.org/string-width cache-miss
495 silly fetch manifest strip-ansi@^6.0.1
496 silly packumentCache full:https://registry.npmjs.org/strip-ansi cache-miss
497 silly fetch manifest emoji-regex@^8.0.0
498 silly packumentCache full:https://registry.npmjs.org/emoji-regex cache-miss
499 silly fetch manifest is-fullwidth-code-point@^3.0.0
500 silly packumentCache full:https://registry.npmjs.org/is-fullwidth-code-point cache-miss
501 http cache https://registry.npmjs.org/string-width 4ms (cache hit)
502 silly packumentCache full:https://registry.npmjs.org/string-width set size:64158 disposed:false
503 http fetch GET 200 https://registry.npmjs.org/strip-ansi 44ms (cache miss)
504 silly packumentCache full:https://registry.npmjs.org/strip-ansi set size:undefined disposed:false
505 http fetch GET 200 https://registry.npmjs.org/is-fullwidth-code-point 50ms (cache miss)
506 silly packumentCache full:https://registry.npmjs.org/is-fullwidth-code-point set size:undefined disposed:false
507 http fetch GET 200 https://registry.npmjs.org/strip-ansi 60ms (cache miss)
508 silly packumentCache full:https://registry.npmjs.org/strip-ansi set size:undefined disposed:false
509 http fetch GET 200 https://registry.npmjs.org/wrap-ansi 61ms (cache miss)
510 silly packumentCache full:https://registry.npmjs.org/wrap-ansi set size:undefined disposed:false
511 http fetch GET 200 https://registry.npmjs.org/emoji-regex 78ms (cache miss)
512 silly packumentCache full:https://registry.npmjs.org/emoji-regex set size:undefined disposed:false
513 silly placeDep ROOT strip-ansi@6.0.1 OK for: cliui@8.0.1 want: ^6.0.1
514 silly placeDep ROOT wrap-ansi@7.0.0 OK for: cliui@8.0.1 want: ^7.0.0
515 silly fetch manifest ansi-regex@^5.0.1
516 silly packumentCache full:https://registry.npmjs.org/ansi-regex cache-miss
517 http fetch GET 200 https://registry.npmjs.org/ansi-regex 54ms (cache miss)
518 silly packumentCache full:https://registry.npmjs.org/ansi-regex set size:undefined disposed:false
519 silly placeDep ROOT emoji-regex@8.0.0 OK for: string-width@4.2.3 want: ^8.0.0
520 silly placeDep ROOT is-fullwidth-code-point@3.0.0 OK for: string-width@4.2.3 want: ^3.0.0
521 silly placeDep ROOT ansi-regex@5.0.1 OK for: strip-ansi@6.0.1 want: ^5.0.1
522 silly reify moves {}
523 verbose reify failed optional dependency /Users/trezza/dev-rust/portfolio/node_modules/@tailwindcss/oxide-wasm32-wasi
524 silly reify mark deleted [
524 silly reify   '/Users/trezza/dev-rust/portfolio/node_modules/@tailwindcss/oxide-wasm32-wasi'
524 silly reify ]
525 silly audit bulk request {
525 silly audit   '@tailwindcss/cli': [ '4.1.13' ],
525 silly audit   concurrently: [ '9.2.1' ],
525 silly audit   tailwindcss: [ '4.1.13' ],
525 silly audit   '@parcel/watcher': [ '2.5.1' ],
525 silly audit   '@tailwindcss/node': [ '4.1.13' ],
525 silly audit   '@tailwindcss/oxide': [ '4.1.13' ],
525 silly audit   'enhanced-resolve': [ '5.18.3' ],
525 silly audit   mri: [ '1.2.0' ],
525 silly audit   picocolors: [ '1.1.1' ],
525 silly audit   '@parcel/watcher-android-arm64': [ '2.5.1' ],
525 silly audit   '@parcel/watcher-darwin-arm64': [ '2.5.1' ],
525 silly audit   '@parcel/watcher-darwin-x64': [ '2.5.1' ],
525 silly audit   '@parcel/watcher-freebsd-x64': [ '2.5.1' ],
525 silly audit   '@parcel/watcher-linux-arm-glibc': [ '2.5.1' ],
525 silly audit   '@parcel/watcher-linux-arm-musl': [ '2.5.1' ],
525 silly audit   '@parcel/watcher-linux-arm64-glibc': [ '2.5.1' ],
525 silly audit   '@parcel/watcher-linux-arm64-musl': [ '2.5.1' ],
525 silly audit   '@parcel/watcher-linux-x64-glibc': [ '2.5.1' ],
525 silly audit   '@parcel/watcher-linux-x64-musl': [ '2.5.1' ],
525 silly audit   '@parcel/watcher-win32-arm64': [ '2.5.1' ],
525 silly audit   '@parcel/watcher-win32-ia32': [ '2.5.1' ],
525 silly audit   '@parcel/watcher-win32-x64': [ '2.5.1' ],
525 silly audit   'detect-libc': [ '1.0.3', '2.1.1' ],
525 silly audit   'is-glob': [ '4.0.3' ],
525 silly audit   micromatch: [ '4.0.8' ],
525 silly audit   'node-addon-api': [ '7.1.1' ],
525 silly audit   '@jridgewell/remapping': [ '2.3.5' ],
525 silly audit   jiti: [ '2.6.0' ],
525 silly audit   lightningcss: [ '1.30.1' ],
525 silly audit   'magic-string': [ '0.30.19' ],
525 silly audit   'source-map-js': [ '1.2.1' ],
525 silly audit   '@jridgewell/gen-mapping': [ '0.3.13' ],
525 silly audit   '@jridgewell/trace-mapping': [ '0.3.31' ],
525 silly audit   '@jridgewell/sourcemap-codec': [ '1.5.5' ],
525 silly audit   '@jridgewell/resolve-uri': [ '3.1.2' ],
525 silly audit   '@tailwindcss/oxide-android-arm64': [ '4.1.13' ],
525 silly audit   '@tailwindcss/oxide-darwin-arm64': [ '4.1.13' ],
525 silly audit   '@tailwindcss/oxide-darwin-x64': [ '4.1.13' ],
525 silly audit   '@tailwindcss/oxide-freebsd-x64': [ '4.1.13' ],
525 silly audit   '@tailwindcss/oxide-linux-arm-gnueabihf': [ '4.1.13' ],
525 silly audit   '@tailwindcss/oxide-linux-arm64-gnu': [ '4.1.13' ],
525 silly audit   '@tailwindcss/oxide-linux-arm64-musl': [ '4.1.13' ],
525 silly audit   '@tailwindcss/oxide-linux-x64-gnu': [ '4.1.13' ],
525 silly audit   '@tailwindcss/oxide-linux-x64-musl': [ '4.1.13' ],
525 silly audit   '@tailwindcss/oxide-win32-arm64-msvc': [ '4.1.13' ],
525 silly audit   '@tailwindcss/oxide-win32-x64-msvc': [ '4.1.13' ],
525 silly audit   tar: [ '7.5.1' ],
525 silly audit   chalk: [ '4.1.2' ],
525 silly audit   rxjs: [ '7.8.2' ],
525 silly audit   'shell-quote': [ '1.8.3' ],
525 silly audit   'supports-color': [ '8.1.1', '7.2.0' ],
525 silly audit   'tree-kill': [ '1.2.2' ],
525 silly audit   yargs: [ '17.7.2' ],
525 silly audit   'ansi-styles': [ '4.3.0' ],
525 silly audit   'color-convert': [ '2.0.1' ],
525 silly audit   'color-name': [ '1.1.4' ],
525 silly audit   'graceful-fs': [ '4.2.11' ],
525 silly audit   tapable: [ '2.2.3' ],
525 silly audit   'is-extglob': [ '2.1.1' ],
525 silly audit   'lightningcss-darwin-arm64': [ '1.30.1' ],
525 silly audit   'lightningcss-darwin-x64': [ '1.30.1' ],
525 silly audit   'lightningcss-freebsd-x64': [ '1.30.1' ],
525 silly audit   'lightningcss-linux-arm-gnueabihf': [ '1.30.1' ],
525 silly audit   'lightningcss-linux-arm64-gnu': [ '1.30.1' ],
525 silly audit   'lightningcss-linux-arm64-musl': [ '1.30.1' ],
525 silly audit   'lightningcss-linux-x64-gnu': [ '1.30.1' ],
525 silly audit   'lightningcss-linux-x64-musl': [ '1.30.1' ],
525 silly audit   'lightningcss-win32-arm64-msvc': [ '1.30.1' ],
525 silly audit   'lightningcss-win32-x64-msvc': [ '1.30.1' ],
525 silly audit   braces: [ '3.0.3' ],
525 silly audit   picomatch: [ '2.3.1' ],
525 silly audit   'fill-range': [ '7.1.1' ],
525 silly audit   'to-regex-range': [ '5.0.1' ],
525 silly audit   tslib: [ '2.8.1' ],
525 silly audit   'has-flag': [ '4.0.0' ],
525 silly audit   '@isaacs/fs-minipass': [ '4.0.1' ],
525 silly audit   chownr: [ '3.0.0' ],
525 silly audit   minipass: [ '7.1.2' ],
525 silly audit   minizlib: [ '3.1.0' ],
525 silly audit   yallist: [ '5.0.0' ],
525 silly audit   'is-number': [ '7.0.0' ],
525 silly audit   cliui: [ '8.0.1' ],
525 silly audit   escalade: [ '3.2.0' ],
525 silly audit   'get-caller-file': [ '2.0.5' ],
525 silly audit   'require-directory': [ '2.1.1' ],
525 silly audit   'string-width': [ '4.2.3' ],
525 silly audit   y18n: [ '5.0.8' ],
525 silly audit   'yargs-parser': [ '21.1.1' ],
525 silly audit   'strip-ansi': [ '6.0.1' ],
525 silly audit   'wrap-ansi': [ '7.0.0' ],
525 silly audit   'emoji-regex': [ '8.0.0' ],
525 silly audit   'is-fullwidth-code-point': [ '3.0.0' ],
525 silly audit   'ansi-regex': [ '5.0.1' ],
525 silly audit   '@tailwindcss/oxide-wasm32-wasi': [ '4.1.13' ]
525 silly audit }
526 verbose reify failed optional dependency /Users/trezza/dev-rust/portfolio/node_modules/lightningcss-win32-x64-msvc
527 silly reify mark deleted [
527 silly reify   '/Users/trezza/dev-rust/portfolio/node_modules/lightningcss-win32-x64-msvc'
527 silly reify ]
528 verbose reify failed optional dependency /Users/trezza/dev-rust/portfolio/node_modules/lightningcss-win32-arm64-msvc
529 silly reify mark deleted [
529 silly reify   '/Users/trezza/dev-rust/portfolio/node_modules/lightningcss-win32-arm64-msvc'
529 silly reify ]
530 verbose reify failed optional dependency /Users/trezza/dev-rust/portfolio/node_modules/lightningcss-linux-x64-musl
531 silly reify mark deleted [
531 silly reify   '/Users/trezza/dev-rust/portfolio/node_modules/lightningcss-linux-x64-musl'
531 silly reify ]
532 verbose reify failed optional dependency /Users/trezza/dev-rust/portfolio/node_modules/lightningcss-linux-x64-gnu
533 silly reify mark deleted [
533 silly reify   '/Users/trezza/dev-rust/portfolio/node_modules/lightningcss-linux-x64-gnu'
533 silly reify ]
534 verbose reify failed optional dependency /Users/trezza/dev-rust/portfolio/node_modules/lightningcss-linux-arm64-musl
535 silly reify mark deleted [
535 silly reify   '/Users/trezza/dev-rust/portfolio/node_modules/lightningcss-linux-arm64-musl'
535 silly reify ]
536 verbose reify failed optional dependency /Users/trezza/dev-rust/portfolio/node_modules/lightningcss-linux-arm64-gnu
537 silly reify mark deleted [
537 silly reify   '/Users/trezza/dev-rust/portfolio/node_modules/lightningcss-linux-arm64-gnu'
537 silly reify ]
538 verbose reify failed optional dependency /Users/trezza/dev-rust/portfolio/node_modules/lightningcss-linux-arm-gnueabihf
539 silly reify mark deleted [
539 silly reify   '/Users/trezza/dev-rust/portfolio/node_modules/lightningcss-linux-arm-gnueabihf'
539 silly reify ]
540 verbose reify failed optional dependency /Users/trezza/dev-rust/portfolio/node_modules/lightningcss-freebsd-x64
541 silly reify mark deleted [
541 silly reify   '/Users/trezza/dev-rust/portfolio/node_modules/lightningcss-freebsd-x64'
541 silly reify ]
542 verbose reify failed optional dependency /Users/trezza/dev-rust/portfolio/node_modules/lightningcss-darwin-x64
543 silly reify mark deleted [
543 silly reify   '/Users/trezza/dev-rust/portfolio/node_modules/lightningcss-darwin-x64'
543 silly reify ]
544 verbose reify failed optional dependency /Users/trezza/dev-rust/portfolio/node_modules/@tailwindcss/oxide-win32-x64-msvc
545 silly reify mark deleted [
545 silly reify   '/Users/trezza/dev-rust/portfolio/node_modules/@tailwindcss/oxide-win32-x64-msvc'
545 silly reify ]
546 verbose reify failed optional dependency /Users/trezza/dev-rust/portfolio/node_modules/@tailwindcss/oxide-win32-arm64-msvc
547 silly reify mark deleted [
547 silly reify   '/Users/trezza/dev-rust/portfolio/node_modules/@tailwindcss/oxide-win32-arm64-msvc'
547 silly reify ]
548 verbose reify failed optional dependency /Users/trezza/dev-rust/portfolio/node_modules/@tailwindcss/oxide-linux-x64-musl
549 silly reify mark deleted [
549 silly reify   '/Users/trezza/dev-rust/portfolio/node_modules/@tailwindcss/oxide-linux-x64-musl'
549 silly reify ]
550 verbose reify failed optional dependency /Users/trezza/dev-rust/portfolio/node_modules/@tailwindcss/oxide-linux-x64-gnu
551 silly reify mark deleted [
551 silly reify   '/Users/trezza/dev-rust/portfolio/node_modules/@tailwindcss/oxide-linux-x64-gnu'
551 silly reify ]
552 verbose reify failed optional dependency /Users/trezza/dev-rust/portfolio/node_modules/@tailwindcss/oxide-linux-arm64-musl
553 silly reify mark deleted [
553 silly reify   '/Users/trezza/dev-rust/portfolio/node_modules/@tailwindcss/oxide-linux-arm64-musl'
553 silly reify ]
554 verbose reify failed optional dependency /Users/trezza/dev-rust/portfolio/node_modules/@tailwindcss/oxide-linux-arm64-gnu
555 silly reify mark deleted [
555 silly reify   '/Users/trezza/dev-rust/portfolio/node_modules/@tailwindcss/oxide-linux-arm64-gnu'
555 silly reify ]
556 verbose reify failed optional dependency /Users/trezza/dev-rust/portfolio/node_modules/@tailwindcss/oxide-linux-arm-gnueabihf
557 silly reify mark deleted [
557 silly reify   '/Users/trezza/dev-rust/portfolio/node_modules/@tailwindcss/oxide-linux-arm-gnueabihf'
557 silly reify ]
558 verbose reify failed optional dependency /Users/trezza/dev-rust/portfolio/node_modules/@tailwindcss/oxide-freebsd-x64
559 silly reify mark deleted [
559 silly reify   '/Users/trezza/dev-rust/portfolio/node_modules/@tailwindcss/oxide-freebsd-x64'
559 silly reify ]
560 verbose reify failed optional dependency /Users/trezza/dev-rust/portfolio/node_modules/@tailwindcss/oxide-darwin-x64
561 silly reify mark deleted [
561 silly reify   '/Users/trezza/dev-rust/portfolio/node_modules/@tailwindcss/oxide-darwin-x64'
561 silly reify ]
562 verbose reify failed optional dependency /Users/trezza/dev-rust/portfolio/node_modules/@tailwindcss/oxide-android-arm64
563 silly reify mark deleted [
563 silly reify   '/Users/trezza/dev-rust/portfolio/node_modules/@tailwindcss/oxide-android-arm64'
563 silly reify ]
564 verbose reify failed optional dependency /Users/trezza/dev-rust/portfolio/node_modules/@parcel/watcher-win32-x64
565 silly reify mark deleted [
565 silly reify   '/Users/trezza/dev-rust/portfolio/node_modules/@parcel/watcher-win32-x64'
565 silly reify ]
566 verbose reify failed optional dependency /Users/trezza/dev-rust/portfolio/node_modules/@parcel/watcher-win32-ia32
567 silly reify mark deleted [
567 silly reify   '/Users/trezza/dev-rust/portfolio/node_modules/@parcel/watcher-win32-ia32'
567 silly reify ]
568 verbose reify failed optional dependency /Users/trezza/dev-rust/portfolio/node_modules/@parcel/watcher-win32-arm64
569 silly reify mark deleted [
569 silly reify   '/Users/trezza/dev-rust/portfolio/node_modules/@parcel/watcher-win32-arm64'
569 silly reify ]
570 verbose reify failed optional dependency /Users/trezza/dev-rust/portfolio/node_modules/@parcel/watcher-linux-x64-musl
571 silly reify mark deleted [
571 silly reify   '/Users/trezza/dev-rust/portfolio/node_modules/@parcel/watcher-linux-x64-musl'
571 silly reify ]
572 verbose reify failed optional dependency /Users/trezza/dev-rust/portfolio/node_modules/@parcel/watcher-linux-x64-glibc
573 silly reify mark deleted [
573 silly reify   '/Users/trezza/dev-rust/portfolio/node_modules/@parcel/watcher-linux-x64-glibc'
573 silly reify ]
574 verbose reify failed optional dependency /Users/trezza/dev-rust/portfolio/node_modules/@parcel/watcher-linux-arm64-musl
575 silly reify mark deleted [
575 silly reify   '/Users/trezza/dev-rust/portfolio/node_modules/@parcel/watcher-linux-arm64-musl'
575 silly reify ]
576 verbose reify failed optional dependency /Users/trezza/dev-rust/portfolio/node_modules/@parcel/watcher-linux-arm64-glibc
577 silly reify mark deleted [
577 silly reify   '/Users/trezza/dev-rust/portfolio/node_modules/@parcel/watcher-linux-arm64-glibc'
577 silly reify ]
578 verbose reify failed optional dependency /Users/trezza/dev-rust/portfolio/node_modules/@parcel/watcher-linux-arm-musl
579 silly reify mark deleted [
579 silly reify   '/Users/trezza/dev-rust/portfolio/node_modules/@parcel/watcher-linux-arm-musl'
579 silly reify ]
580 verbose reify failed optional dependency /Users/trezza/dev-rust/portfolio/node_modules/@parcel/watcher-linux-arm-glibc
581 silly reify mark deleted [
581 silly reify   '/Users/trezza/dev-rust/portfolio/node_modules/@parcel/watcher-linux-arm-glibc'
581 silly reify ]
582 verbose reify failed optional dependency /Users/trezza/dev-rust/portfolio/node_modules/@parcel/watcher-freebsd-x64
583 silly reify mark deleted [
583 silly reify   '/Users/trezza/dev-rust/portfolio/node_modules/@parcel/watcher-freebsd-x64'
583 silly reify ]
584 verbose reify failed optional dependency /Users/trezza/dev-rust/portfolio/node_modules/@parcel/watcher-darwin-x64
585 silly reify mark deleted [
585 silly reify   '/Users/trezza/dev-rust/portfolio/node_modules/@parcel/watcher-darwin-x64'
585 silly reify ]
586 verbose reify failed optional dependency /Users/trezza/dev-rust/portfolio/node_modules/@parcel/watcher-android-arm64
587 silly reify mark deleted [
587 silly reify   '/Users/trezza/dev-rust/portfolio/node_modules/@parcel/watcher-android-arm64'
587 silly reify ]
588 http cache wrap-ansi@https://registry.npmjs.org/wrap-ansi/-/wrap-ansi-7.0.0.tgz 0ms (cache hit)
589 http cache ansi-regex@https://registry.npmjs.org/ansi-regex/-/ansi-regex-5.0.1.tgz 0ms (cache hit)
590 http cache is-fullwidth-code-point@https://registry.npmjs.org/is-fullwidth-code-point/-/is-fullwidth-code-point-3.0.0.tgz 0ms (cache hit)
591 http cache emoji-regex@https://registry.npmjs.org/emoji-regex/-/emoji-regex-8.0.0.tgz 0ms (cache hit)
592 http cache yargs-parser@https://registry.npmjs.org/yargs-parser/-/yargs-parser-21.1.1.tgz 0ms (cache hit)
593 http cache strip-ansi@https://registry.npmjs.org/strip-ansi/-/strip-ansi-6.0.1.tgz 0ms (cache hit)
594 http cache y18n@https://registry.npmjs.org/y18n/-/y18n-5.0.8.tgz 0ms (cache hit)
595 http cache require-directory@https://registry.npmjs.org/require-directory/-/require-directory-2.1.1.tgz 0ms (cache hit)
596 http cache string-width@https://registry.npmjs.org/string-width/-/string-width-4.2.3.tgz 0ms (cache hit)
597 http cache get-caller-file@https://registry.npmjs.org/get-caller-file/-/get-caller-file-2.0.5.tgz 0ms (cache hit)
598 http cache cliui@https://registry.npmjs.org/cliui/-/cliui-8.0.1.tgz 0ms (cache hit)
599 http cache escalade@https://registry.npmjs.org/escalade/-/escalade-3.2.0.tgz 0ms (cache hit)
600 http cache yallist@https://registry.npmjs.org/yallist/-/yallist-5.0.0.tgz 0ms (cache hit)
601 http cache minipass@https://registry.npmjs.org/minipass/-/minipass-7.1.2.tgz 0ms (cache hit)
602 http cache is-number@https://registry.npmjs.org/is-number/-/is-number-7.0.0.tgz 0ms (cache hit)
603 http cache chownr@https://registry.npmjs.org/chownr/-/chownr-3.0.0.tgz 0ms (cache hit)
604 http cache @isaacs/fs-minipass@https://registry.npmjs.org/@isaacs/fs-minipass/-/fs-minipass-4.0.1.tgz 0ms (cache hit)
605 http cache tslib@https://registry.npmjs.org/tslib/-/tslib-2.8.1.tgz 0ms (cache hit)
606 http cache minizlib@https://registry.npmjs.org/minizlib/-/minizlib-3.1.0.tgz 0ms (cache hit)
607 http cache has-flag@https://registry.npmjs.org/has-flag/-/has-flag-4.0.0.tgz 0ms (cache hit)
608 http cache fill-range@https://registry.npmjs.org/fill-range/-/fill-range-7.1.1.tgz 0ms (cache hit)
609 http cache picomatch@https://registry.npmjs.org/picomatch/-/picomatch-2.3.1.tgz 0ms (cache hit)
610 http cache is-extglob@https://registry.npmjs.org/is-extglob/-/is-extglob-2.1.1.tgz 0ms (cache hit)
611 http cache tapable@https://registry.npmjs.org/tapable/-/tapable-2.2.3.tgz 0ms (cache hit)
612 http cache to-regex-range@https://registry.npmjs.org/to-regex-range/-/to-regex-range-5.0.1.tgz 0ms (cache hit)
613 http cache graceful-fs@https://registry.npmjs.org/graceful-fs/-/graceful-fs-4.2.11.tgz 0ms (cache hit)
614 http cache lightningcss-darwin-arm64@https://registry.npmjs.org/lightningcss-darwin-arm64/-/lightningcss-darwin-arm64-1.30.1.tgz 0ms (cache hit)
615 http cache color-convert@https://registry.npmjs.org/color-convert/-/color-convert-2.0.1.tgz 0ms (cache hit)
616 http cache supports-color@https://registry.npmjs.org/supports-color/-/supports-color-8.1.1.tgz 0ms (cache hit)
617 http cache ansi-styles@https://registry.npmjs.org/ansi-styles/-/ansi-styles-4.3.0.tgz 0ms (cache hit)
618 http cache tree-kill@https://registry.npmjs.org/tree-kill/-/tree-kill-1.2.2.tgz 0ms (cache hit)
619 http cache braces@https://registry.npmjs.org/braces/-/braces-3.0.3.tgz 0ms (cache hit)
620 http cache rxjs@https://registry.npmjs.org/rxjs/-/rxjs-7.8.2.tgz 0ms (cache hit)
621 http cache chalk@https://registry.npmjs.org/chalk/-/chalk-4.1.2.tgz 0ms (cache hit)
622 http cache @tailwindcss/oxide-darwin-arm64@https://registry.npmjs.org/@tailwindcss/oxide-darwin-arm64/-/oxide-darwin-arm64-4.1.13.tgz 0ms (cache hit)
623 http cache yargs@https://registry.npmjs.org/yargs/-/yargs-17.7.2.tgz 0ms (cache hit)
624 http cache @jridgewell/resolve-uri@https://registry.npmjs.org/@jridgewell/resolve-uri/-/resolve-uri-3.1.2.tgz 0ms (cache hit)
625 http cache @jridgewell/trace-mapping@https://registry.npmjs.org/@jridgewell/trace-mapping/-/trace-mapping-0.3.31.tgz 0ms (cache hit)
626 http cache shell-quote@https://registry.npmjs.org/shell-quote/-/shell-quote-1.8.3.tgz 0ms (cache hit)
627 http cache source-map-js@https://registry.npmjs.org/source-map-js/-/source-map-js-1.2.1.tgz 0ms (cache hit)
628 http cache @jridgewell/gen-mapping@https://registry.npmjs.org/@jridgewell/gen-mapping/-/gen-mapping-0.3.13.tgz 0ms (cache hit)
629 http cache @jridgewell/sourcemap-codec@https://registry.npmjs.org/@jridgewell/sourcemap-codec/-/sourcemap-codec-1.5.5.tgz 0ms (cache hit)
630 http cache magic-string@https://registry.npmjs.org/magic-string/-/magic-string-0.30.19.tgz 0ms (cache hit)
631 http cache jiti@https://registry.npmjs.org/jiti/-/jiti-2.6.0.tgz 0ms (cache hit)
632 http cache color-name@https://registry.npmjs.org/color-name/-/color-name-1.1.4.tgz 0ms (cache hit)
633 http cache @jridgewell/remapping@https://registry.npmjs.org/@jridgewell/remapping/-/remapping-2.3.5.tgz 0ms (cache hit)
634 http cache node-addon-api@https://registry.npmjs.org/node-addon-api/-/node-addon-api-7.1.1.tgz 0ms (cache hit)
635 http cache lightningcss@https://registry.npmjs.org/lightningcss/-/lightningcss-1.30.1.tgz 0ms (cache hit)
636 http cache @parcel/watcher-darwin-arm64@https://registry.npmjs.org/@parcel/watcher-darwin-arm64/-/watcher-darwin-arm64-2.5.1.tgz 0ms (cache hit)
637 http cache detect-libc@https://registry.npmjs.org/detect-libc/-/detect-libc-1.0.3.tgz 0ms (cache hit)
638 http cache micromatch@https://registry.npmjs.org/micromatch/-/micromatch-4.0.8.tgz 0ms (cache hit)
639 http cache is-glob@https://registry.npmjs.org/is-glob/-/is-glob-4.0.3.tgz 0ms (cache hit)
640 http cache enhanced-resolve@https://registry.npmjs.org/enhanced-resolve/-/enhanced-resolve-5.18.3.tgz 0ms (cache hit)
641 http cache @tailwindcss/oxide@https://registry.npmjs.org/@tailwindcss/oxide/-/oxide-4.1.13.tgz 0ms (cache hit)
642 http cache picocolors@https://registry.npmjs.org/picocolors/-/picocolors-1.1.1.tgz 0ms (cache hit)
643 http cache tar@https://registry.npmjs.org/tar/-/tar-7.5.1.tgz 0ms (cache hit)
644 http cache tailwindcss@https://registry.npmjs.org/tailwindcss/-/tailwindcss-4.1.13.tgz 0ms (cache hit)
645 http cache @tailwindcss/node@https://registry.npmjs.org/@tailwindcss/node/-/node-4.1.13.tgz 0ms (cache hit)
646 http cache mri@https://registry.npmjs.org/mri/-/mri-1.2.0.tgz 0ms (cache hit)
647 http cache supports-color@https://registry.npmjs.org/supports-color/-/supports-color-7.2.0.tgz 0ms (cache hit)
648 http cache detect-libc@https://registry.npmjs.org/detect-libc/-/detect-libc-2.1.1.tgz 0ms (cache hit)
649 http cache concurrently@https://registry.npmjs.org/concurrently/-/concurrently-9.2.1.tgz 0ms (cache hit)
650 http cache @tailwindcss/cli@https://registry.npmjs.org/@tailwindcss/cli/-/cli-4.1.13.tgz 0ms (cache hit)
651 http cache detect-libc@https://registry.npmjs.org/detect-libc/-/detect-libc-2.1.1.tgz 0ms (cache hit)
652 http cache @parcel/watcher@https://registry.npmjs.org/@parcel/watcher/-/watcher-2.5.1.tgz 0ms (cache hit)
653 silly tarball no local data for wrap-ansi@https://registry.npmjs.org/wrap-ansi/-/wrap-ansi-7.0.0.tgz. Extracting by manifest.
654 silly tarball no local data for ansi-regex@https://registry.npmjs.org/ansi-regex/-/ansi-regex-5.0.1.tgz. Extracting by manifest.
655 silly tarball no local data for is-fullwidth-code-point@https://registry.npmjs.org/is-fullwidth-code-point/-/is-fullwidth-code-point-3.0.0.tgz. Extracting by manifest.
656 silly tarball no local data for emoji-regex@https://registry.npmjs.org/emoji-regex/-/emoji-regex-8.0.0.tgz. Extracting by manifest.
657 silly tarball no local data for yargs-parser@https://registry.npmjs.org/yargs-parser/-/yargs-parser-21.1.1.tgz. Extracting by manifest.
658 silly tarball no local data for strip-ansi@https://registry.npmjs.org/strip-ansi/-/strip-ansi-6.0.1.tgz. Extracting by manifest.
659 silly tarball no local data for y18n@https://registry.npmjs.org/y18n/-/y18n-5.0.8.tgz. Extracting by manifest.
660 silly tarball no local data for require-directory@https://registry.npmjs.org/require-directory/-/require-directory-2.1.1.tgz. Extracting by manifest.
661 silly tarball no local data for string-width@https://registry.npmjs.org/string-width/-/string-width-4.2.3.tgz. Extracting by manifest.
662 silly tarball no local data for get-caller-file@https://registry.npmjs.org/get-caller-file/-/get-caller-file-2.0.5.tgz. Extracting by manifest.
663 silly tarball no local data for cliui@https://registry.npmjs.org/cliui/-/cliui-8.0.1.tgz. Extracting by manifest.
664 silly tarball no local data for escalade@https://registry.npmjs.org/escalade/-/escalade-3.2.0.tgz. Extracting by manifest.
665 silly tarball no local data for yallist@https://registry.npmjs.org/yallist/-/yallist-5.0.0.tgz. Extracting by manifest.
666 silly tarball no local data for minipass@https://registry.npmjs.org/minipass/-/minipass-7.1.2.tgz. Extracting by manifest.
667 silly tarball no local data for is-number@https://registry.npmjs.org/is-number/-/is-number-7.0.0.tgz. Extracting by manifest.
668 silly tarball no local data for chownr@https://registry.npmjs.org/chownr/-/chownr-3.0.0.tgz. Extracting by manifest.
669 silly tarball no local data for @isaacs/fs-minipass@https://registry.npmjs.org/@isaacs/fs-minipass/-/fs-minipass-4.0.1.tgz. Extracting by manifest.
670 silly tarball no local data for tslib@https://registry.npmjs.org/tslib/-/tslib-2.8.1.tgz. Extracting by manifest.
671 silly tarball no local data for minizlib@https://registry.npmjs.org/minizlib/-/minizlib-3.1.0.tgz. Extracting by manifest.
672 silly tarball no local data for has-flag@https://registry.npmjs.org/has-flag/-/has-flag-4.0.0.tgz. Extracting by manifest.
673 silly tarball no local data for picomatch@https://registry.npmjs.org/picomatch/-/picomatch-2.3.1.tgz. Extracting by manifest.
674 silly tarball no local data for is-extglob@https://registry.npmjs.org/is-extglob/-/is-extglob-2.1.1.tgz. Extracting by manifest.
675 silly tarball no local data for fill-range@https://registry.npmjs.org/fill-range/-/fill-range-7.1.1.tgz. Extracting by manifest.
676 silly tarball no local data for tapable@https://registry.npmjs.org/tapable/-/tapable-2.2.3.tgz. Extracting by manifest.
677 silly tarball no local data for to-regex-range@https://registry.npmjs.org/to-regex-range/-/to-regex-range-5.0.1.tgz. Extracting by manifest.
678 silly tarball no local data for graceful-fs@https://registry.npmjs.org/graceful-fs/-/graceful-fs-4.2.11.tgz. Extracting by manifest.
679 silly tarball no local data for lightningcss-darwin-arm64@https://registry.npmjs.org/lightningcss-darwin-arm64/-/lightningcss-darwin-arm64-1.30.1.tgz. Extracting by manifest.
680 silly tarball no local data for color-convert@https://registry.npmjs.org/color-convert/-/color-convert-2.0.1.tgz. Extracting by manifest.
681 silly tarball no local data for supports-color@https://registry.npmjs.org/supports-color/-/supports-color-8.1.1.tgz. Extracting by manifest.
682 silly tarball no local data for ansi-styles@https://registry.npmjs.org/ansi-styles/-/ansi-styles-4.3.0.tgz. Extracting by manifest.
683 silly tarball no local data for tree-kill@https://registry.npmjs.org/tree-kill/-/tree-kill-1.2.2.tgz. Extracting by manifest.
684 silly tarball no local data for braces@https://registry.npmjs.org/braces/-/braces-3.0.3.tgz. Extracting by manifest.
685 silly tarball no local data for rxjs@https://registry.npmjs.org/rxjs/-/rxjs-7.8.2.tgz. Extracting by manifest.
686 silly tarball no local data for chalk@https://registry.npmjs.org/chalk/-/chalk-4.1.2.tgz. Extracting by manifest.
687 silly tarball no local data for @tailwindcss/oxide-darwin-arm64@https://registry.npmjs.org/@tailwindcss/oxide-darwin-arm64/-/oxide-darwin-arm64-4.1.13.tgz. Extracting by manifest.
688 silly tarball no local data for yargs@https://registry.npmjs.org/yargs/-/yargs-17.7.2.tgz. Extracting by manifest.
689 silly tarball no local data for @jridgewell/trace-mapping@https://registry.npmjs.org/@jridgewell/trace-mapping/-/trace-mapping-0.3.31.tgz. Extracting by manifest.
690 silly tarball no local data for @jridgewell/resolve-uri@https://registry.npmjs.org/@jridgewell/resolve-uri/-/resolve-uri-3.1.2.tgz. Extracting by manifest.
691 silly tarball no local data for shell-quote@https://registry.npmjs.org/shell-quote/-/shell-quote-1.8.3.tgz. Extracting by manifest.
692 silly tarball no local data for source-map-js@https://registry.npmjs.org/source-map-js/-/source-map-js-1.2.1.tgz. Extracting by manifest.
693 silly tarball no local data for @jridgewell/gen-mapping@https://registry.npmjs.org/@jridgewell/gen-mapping/-/gen-mapping-0.3.13.tgz. Extracting by manifest.
694 silly tarball no local data for @jridgewell/sourcemap-codec@https://registry.npmjs.org/@jridgewell/sourcemap-codec/-/sourcemap-codec-1.5.5.tgz. Extracting by manifest.
695 silly tarball no local data for magic-string@https://registry.npmjs.org/magic-string/-/magic-string-0.30.19.tgz. Extracting by manifest.
696 silly tarball no local data for jiti@https://registry.npmjs.org/jiti/-/jiti-2.6.0.tgz. Extracting by manifest.
697 silly tarball no local data for color-name@https://registry.npmjs.org/color-name/-/color-name-1.1.4.tgz. Extracting by manifest.
698 silly tarball no local data for @jridgewell/remapping@https://registry.npmjs.org/@jridgewell/remapping/-/remapping-2.3.5.tgz. Extracting by manifest.
699 silly tarball no local data for node-addon-api@https://registry.npmjs.org/node-addon-api/-/node-addon-api-7.1.1.tgz. Extracting by manifest.
700 silly tarball no local data for lightningcss@https://registry.npmjs.org/lightningcss/-/lightningcss-1.30.1.tgz. Extracting by manifest.
701 silly tarball no local data for @parcel/watcher-darwin-arm64@https://registry.npmjs.org/@parcel/watcher-darwin-arm64/-/watcher-darwin-arm64-2.5.1.tgz. Extracting by manifest.
702 silly tarball no local data for detect-libc@https://registry.npmjs.org/detect-libc/-/detect-libc-1.0.3.tgz. Extracting by manifest.
703 silly tarball no local data for micromatch@https://registry.npmjs.org/micromatch/-/micromatch-4.0.8.tgz. Extracting by manifest.
704 silly tarball no local data for is-glob@https://registry.npmjs.org/is-glob/-/is-glob-4.0.3.tgz. Extracting by manifest.
705 silly tarball no local data for enhanced-resolve@https://registry.npmjs.org/enhanced-resolve/-/enhanced-resolve-5.18.3.tgz. Extracting by manifest.
706 silly tarball no local data for @tailwindcss/oxide@https://registry.npmjs.org/@tailwindcss/oxide/-/oxide-4.1.13.tgz. Extracting by manifest.
707 silly tarball no local data for picocolors@https://registry.npmjs.org/picocolors/-/picocolors-1.1.1.tgz. Extracting by manifest.
708 silly tarball no local data for tailwindcss@https://registry.npmjs.org/tailwindcss/-/tailwindcss-4.1.13.tgz. Extracting by manifest.
709 silly tarball no local data for tar@https://registry.npmjs.org/tar/-/tar-7.5.1.tgz. Extracting by manifest.
710 silly tarball no local data for @tailwindcss/node@https://registry.npmjs.org/@tailwindcss/node/-/node-4.1.13.tgz. Extracting by manifest.
711 silly tarball no local data for supports-color@https://registry.npmjs.org/supports-color/-/supports-color-7.2.0.tgz. Extracting by manifest.
712 silly tarball no local data for mri@https://registry.npmjs.org/mri/-/mri-1.2.0.tgz. Extracting by manifest.
713 silly tarball no local data for detect-libc@https://registry.npmjs.org/detect-libc/-/detect-libc-2.1.1.tgz. Extracting by manifest.
714 silly tarball no local data for concurrently@https://registry.npmjs.org/concurrently/-/concurrently-9.2.1.tgz. Extracting by manifest.
715 silly tarball no local data for @tailwindcss/cli@https://registry.npmjs.org/@tailwindcss/cli/-/cli-4.1.13.tgz. Extracting by manifest.
716 silly tarball no local data for detect-libc@https://registry.npmjs.org/detect-libc/-/detect-libc-2.1.1.tgz. Extracting by manifest.
717 silly tarball no local data for @parcel/watcher@https://registry.npmjs.org/@parcel/watcher/-/watcher-2.5.1.tgz. Extracting by manifest.
718 http fetch GET 200 https://registry.npmjs.org/require-directory/-/require-directory-2.1.1.tgz 65ms (cache miss)
719 http fetch GET 200 https://registry.npmjs.org/yargs-parser/-/yargs-parser-21.1.1.tgz 68ms (cache miss)
720 http fetch GET 200 https://registry.npmjs.org/emoji-regex/-/emoji-regex-8.0.0.tgz 77ms (cache miss)
721 http fetch GET 200 https://registry.npmjs.org/strip-ansi/-/strip-ansi-6.0.1.tgz 76ms (cache miss)
722 http fetch GET 200 https://registry.npmjs.org/is-fullwidth-code-point/-/is-fullwidth-code-point-3.0.0.tgz 77ms (cache miss)
723 http fetch GET 200 https://registry.npmjs.org/ansi-regex/-/ansi-regex-5.0.1.tgz 81ms (cache miss)
724 http fetch GET 200 https://registry.npmjs.org/wrap-ansi/-/wrap-ansi-7.0.0.tgz 82ms (cache miss)
725 http fetch GET 200 https://registry.npmjs.org/y18n/-/y18n-5.0.8.tgz 84ms (cache miss)
726 http fetch GET 200 https://registry.npmjs.org/is-number/-/is-number-7.0.0.tgz 95ms (cache miss)
727 http fetch GET 200 https://registry.npmjs.org/chownr/-/chownr-3.0.0.tgz 99ms (cache miss)
728 http fetch POST 200 https://registry.npmjs.org/-/npm/v1/security/advisories/bulk 127ms
729 silly audit report {}
730 http fetch GET 200 https://registry.npmjs.org/has-flag/-/has-flag-4.0.0.tgz 116ms (cache miss)
731 http fetch GET 200 https://registry.npmjs.org/picomatch/-/picomatch-2.3.1.tgz 117ms (cache miss)
732 http fetch GET 200 https://registry.npmjs.org/get-caller-file/-/get-caller-file-2.0.5.tgz 128ms (cache miss)
733 http fetch GET 200 https://registry.npmjs.org/tslib/-/tslib-2.8.1.tgz 126ms (cache miss)
734 http fetch GET 200 https://registry.npmjs.org/cliui/-/cliui-8.0.1.tgz 135ms (cache miss)
735 http fetch GET 200 https://registry.npmjs.org/@isaacs/fs-minipass/-/fs-minipass-4.0.1.tgz 135ms (cache miss)
736 http fetch GET 200 https://registry.npmjs.org/string-width/-/string-width-4.2.3.tgz 137ms (cache miss)
737 http fetch GET 200 https://registry.npmjs.org/yallist/-/yallist-5.0.0.tgz 137ms (cache miss)
738 http fetch GET 200 https://registry.npmjs.org/fill-range/-/fill-range-7.1.1.tgz 139ms (cache miss)
739 http fetch GET 200 https://registry.npmjs.org/is-extglob/-/is-extglob-2.1.1.tgz 141ms (cache miss)
740 http fetch GET 200 https://registry.npmjs.org/tapable/-/tapable-2.2.3.tgz 140ms (cache miss)
741 http fetch GET 200 https://registry.npmjs.org/escalade/-/escalade-3.2.0.tgz 152ms (cache miss)
742 http fetch GET 200 https://registry.npmjs.org/minizlib/-/minizlib-3.1.0.tgz 152ms (cache miss)
743 http fetch GET 200 https://registry.npmjs.org/to-regex-range/-/to-regex-range-5.0.1.tgz 156ms (cache miss)
744 http fetch GET 200 https://registry.npmjs.org/minipass/-/minipass-7.1.2.tgz 160ms (cache miss)
745 http fetch GET 200 https://registry.npmjs.org/tree-kill/-/tree-kill-1.2.2.tgz 166ms (cache miss)
746 http fetch GET 200 https://registry.npmjs.org/braces/-/braces-3.0.3.tgz 174ms (cache miss)
747 http fetch GET 200 https://registry.npmjs.org/supports-color/-/supports-color-8.1.1.tgz 176ms (cache miss)
748 http fetch GET 200 https://registry.npmjs.org/ansi-styles/-/ansi-styles-4.3.0.tgz 177ms (cache miss)
749 http fetch GET 200 https://registry.npmjs.org/graceful-fs/-/graceful-fs-4.2.11.tgz 205ms (cache miss)
750 http fetch GET 200 https://registry.npmjs.org/color-convert/-/color-convert-2.0.1.tgz 206ms (cache miss)
751 http fetch GET 200 https://registry.npmjs.org/chalk/-/chalk-4.1.2.tgz 208ms (cache miss)
752 http fetch GET 200 https://registry.npmjs.org/source-map-js/-/source-map-js-1.2.1.tgz 206ms (cache miss)
753 http fetch GET 200 https://registry.npmjs.org/shell-quote/-/shell-quote-1.8.3.tgz 221ms (cache miss)
754 http fetch GET 200 https://registry.npmjs.org/yargs/-/yargs-17.7.2.tgz 227ms (cache miss)
755 http fetch GET 200 https://registry.npmjs.org/@jridgewell/trace-mapping/-/trace-mapping-0.3.31.tgz 232ms (cache miss)
756 http fetch GET 200 https://registry.npmjs.org/magic-string/-/magic-string-0.30.19.tgz 276ms (cache miss)
757 http fetch GET 200 https://registry.npmjs.org/color-name/-/color-name-1.1.4.tgz 283ms (cache miss)
758 http fetch GET 200 https://registry.npmjs.org/@jridgewell/sourcemap-codec/-/sourcemap-codec-1.5.5.tgz 293ms (cache miss)
759 http fetch GET 200 https://registry.npmjs.org/@jridgewell/gen-mapping/-/gen-mapping-0.3.13.tgz 294ms (cache miss)
760 http fetch GET 200 https://registry.npmjs.org/lightningcss/-/lightningcss-1.30.1.tgz 300ms (cache miss)
761 http fetch GET 200 https://registry.npmjs.org/detect-libc/-/detect-libc-1.0.3.tgz 302ms (cache miss)
762 http fetch GET 200 https://registry.npmjs.org/node-addon-api/-/node-addon-api-7.1.1.tgz 307ms (cache miss)
763 http fetch GET 200 https://registry.npmjs.org/is-glob/-/is-glob-4.0.3.tgz 317ms (cache miss)
764 http fetch GET 200 https://registry.npmjs.org/@jridgewell/resolve-uri/-/resolve-uri-3.1.2.tgz 333ms (cache miss)
765 http fetch GET 200 https://registry.npmjs.org/picocolors/-/picocolors-1.1.1.tgz 332ms (cache miss)
766 http fetch GET 200 https://registry.npmjs.org/@jridgewell/remapping/-/remapping-2.3.5.tgz 337ms (cache miss)
767 http fetch GET 200 https://registry.npmjs.org/enhanced-resolve/-/enhanced-resolve-5.18.3.tgz 346ms (cache miss)
768 http fetch GET 200 https://registry.npmjs.org/supports-color/-/supports-color-7.2.0.tgz 361ms (cache miss)
769 http fetch GET 200 https://registry.npmjs.org/jiti/-/jiti-2.6.0.tgz 374ms (cache miss)
770 http fetch GET 200 https://registry.npmjs.org/@tailwindcss/node/-/node-4.1.13.tgz 371ms (cache miss)
771 http fetch GET 200 https://registry.npmjs.org/@tailwindcss/cli/-/cli-4.1.13.tgz 401ms (cache miss)
772 http fetch GET 200 https://registry.npmjs.org/detect-libc/-/detect-libc-2.1.1.tgz 403ms (cache miss)
773 http fetch GET 200 https://registry.npmjs.org/@tailwindcss/oxide/-/oxide-4.1.13.tgz 404ms (cache miss)
774 http fetch GET 200 https://registry.npmjs.org/micromatch/-/micromatch-4.0.8.tgz 423ms (cache miss)
775 http fetch GET 200 https://registry.npmjs.org/@parcel/watcher/-/watcher-2.5.1.tgz 457ms (cache miss)
776 http fetch GET 200 https://registry.npmjs.org/mri/-/mri-1.2.0.tgz 464ms (cache miss)
777 http fetch GET 200 https://registry.npmjs.org/@tailwindcss/oxide-darwin-arm64/-/oxide-darwin-arm64-4.1.13.tgz 479ms (cache miss)
778 http fetch GET 200 https://registry.npmjs.org/concurrently/-/concurrently-9.2.1.tgz 584ms (cache miss)
779 http fetch GET 200 https://registry.npmjs.org/tar/-/tar-7.5.1.tgz 594ms (cache miss)
780 http fetch GET 200 https://registry.npmjs.org/lightningcss-darwin-arm64/-/lightningcss-darwin-arm64-1.30.1.tgz 616ms (cache miss)
781 http fetch GET 200 https://registry.npmjs.org/detect-libc/-/detect-libc-2.1.1.tgz 624ms (cache miss)
782 http fetch GET 200 https://registry.npmjs.org/@parcel/watcher-darwin-arm64/-/watcher-darwin-arm64-2.5.1.tgz 654ms (cache miss)
783 http fetch GET 200 https://registry.npmjs.org/tailwindcss/-/tailwindcss-4.1.13.tgz 655ms (cache miss)
784 http fetch GET 200 https://registry.npmjs.org/rxjs/-/rxjs-7.8.2.tgz 1031ms (cache miss)
785 info run @parcel/watcher@2.5.1 install node_modules/@parcel/watcher node scripts/build-from-source.js
786 info run @parcel/watcher@2.5.1 install { code: 0, signal: null }
787 info run @tailwindcss/oxide@4.1.13 postinstall node_modules/@tailwindcss/oxide node ./scripts/install.js
788 info run @tailwindcss/oxide@4.1.13 postinstall { code: 0, signal: null }
789 silly ADD node_modules/ansi-regex
790 silly ADD node_modules/is-fullwidth-code-point
791 silly ADD node_modules/emoji-regex
792 silly ADD node_modules/wrap-ansi
793 silly ADD node_modules/strip-ansi
794 silly ADD node_modules/yargs-parser
795 silly ADD node_modules/y18n
796 silly ADD node_modules/string-width
797 silly ADD node_modules/require-directory
798 silly ADD node_modules/get-caller-file
799 silly ADD node_modules/escalade
800 silly ADD node_modules/cliui
801 silly ADD node_modules/is-number
802 silly ADD node_modules/yallist
803 silly ADD node_modules/minizlib
804 silly ADD node_modules/minipass
805 silly ADD node_modules/chownr
806 silly ADD node_modules/@isaacs/fs-minipass
807 silly ADD node_modules/has-flag
808 silly ADD node_modules/tslib
809 silly ADD node_modules/to-regex-range
810 silly ADD node_modules/fill-range
811 silly ADD node_modules/picomatch
812 silly ADD node_modules/braces
813 silly ADD node_modules/lightningcss-win32-x64-msvc
814 silly ADD node_modules/lightningcss-win32-arm64-msvc
815 silly ADD node_modules/lightningcss-linux-x64-musl
816 silly ADD node_modules/lightningcss-linux-x64-gnu
817 silly ADD node_modules/lightningcss-linux-arm64-musl
818 silly ADD node_modules/lightningcss-linux-arm64-gnu
819 silly ADD node_modules/lightningcss-linux-arm-gnueabihf
820 silly ADD node_modules/lightningcss-freebsd-x64
821 silly ADD node_modules/lightningcss-darwin-x64
822 silly ADD node_modules/lightningcss-darwin-arm64
823 silly ADD node_modules/is-extglob
824 silly ADD node_modules/tapable
825 silly ADD node_modules/graceful-fs
826 silly ADD node_modules/color-name
827 silly ADD node_modules/color-convert
828 silly ADD node_modules/ansi-styles
829 silly ADD node_modules/yargs
830 silly ADD node_modules/tree-kill
831 silly ADD node_modules/supports-color
832 silly ADD node_modules/shell-quote
833 silly ADD node_modules/rxjs
834 silly ADD node_modules/chalk
835 silly ADD node_modules/chalk/node_modules/supports-color
836 silly ADD node_modules/tar
837 silly ADD node_modules/@tailwindcss/oxide-win32-x64-msvc
838 silly ADD node_modules/@tailwindcss/oxide-win32-arm64-msvc
839 silly ADD node_modules/@tailwindcss/oxide-wasm32-wasi
840 silly ADD node_modules/@tailwindcss/oxide-linux-x64-musl
841 silly ADD node_modules/@tailwindcss/oxide-linux-x64-gnu
842 silly ADD node_modules/@tailwindcss/oxide-linux-arm64-musl
843 silly ADD node_modules/@tailwindcss/oxide-linux-arm64-gnu
844 silly ADD node_modules/@tailwindcss/oxide-linux-arm-gnueabihf
845 silly ADD node_modules/@tailwindcss/oxide-freebsd-x64
846 silly ADD node_modules/@tailwindcss/oxide-darwin-x64
847 silly ADD node_modules/@tailwindcss/oxide-darwin-arm64
848 silly ADD node_modules/@tailwindcss/oxide-android-arm64
849 silly ADD node_modules/@jridgewell/resolve-uri
850 silly ADD node_modules/@jridgewell/sourcemap-codec
851 silly ADD node_modules/@jridgewell/trace-mapping
852 silly ADD node_modules/@jridgewell/gen-mapping
853 silly ADD node_modules/source-map-js
854 silly ADD node_modules/magic-string
855 silly ADD node_modules/lightningcss
856 silly ADD node_modules/lightningcss/node_modules/detect-libc
857 silly ADD node_modules/jiti
858 silly ADD node_modules/@jridgewell/remapping
859 silly ADD node_modules/node-addon-api
860 silly ADD node_modules/micromatch
861 silly ADD node_modules/is-glob
862 silly ADD node_modules/detect-libc
863 silly ADD node_modules/@parcel/watcher-win32-x64
864 silly ADD node_modules/@parcel/watcher-win32-ia32
865 silly ADD node_modules/@parcel/watcher-win32-arm64
866 silly ADD node_modules/@parcel/watcher-linux-x64-musl
867 silly ADD node_modules/@parcel/watcher-linux-x64-glibc
868 silly ADD node_modules/@parcel/watcher-linux-arm64-musl
869 silly ADD node_modules/@parcel/watcher-linux-arm64-glibc
870 silly ADD node_modules/@parcel/watcher-linux-arm-musl
871 silly ADD node_modules/@parcel/watcher-linux-arm-glibc
872 silly ADD node_modules/@parcel/watcher-freebsd-x64
873 silly ADD node_modules/@parcel/watcher-darwin-x64
874 silly ADD node_modules/@parcel/watcher-darwin-arm64
875 silly ADD node_modules/@parcel/watcher-android-arm64
876 silly ADD node_modules/picocolors
877 silly ADD node_modules/mri
878 silly ADD node_modules/enhanced-resolve
879 silly ADD node_modules/@tailwindcss/oxide
880 silly ADD node_modules/@tailwindcss/oxide/node_modules/detect-libc
881 silly ADD node_modules/@tailwindcss/node
882 silly ADD node_modules/@parcel/watcher
883 silly ADD node_modules/tailwindcss
884 silly ADD node_modules/concurrently
885 silly ADD node_modules/@tailwindcss/cli
886 verbose cwd /Users/trezza/dev-rust/portfolio
887 verbose os Darwin 24.6.0
888 verbose node v20.19.3
889 verbose npm  v11.6.0
890 verbose exit 0
891 info ok
